<?xml version="1.0" encoding="UTF-8"?>
<testsuite xmlns:xsi="http://www.w3.org/2001/XMLSchema-instance" xsi:noNamespaceSchemaLocation="https://maven.apache.org/surefire/maven-surefire-plugin/xsd/surefire-test-report.xsd" name="edu.gmu.cs475.Part2ConcurrentTests" time="0.14" tests="14" errors="4" skipped="0" failures="7">
  <properties>
[...]
</properties>
  <testcase name="testListDirWhileRemoveFile" classname="edu.gmu.cs475.Part2ConcurrentTests" time="0.002">
    <error type="java.lang.NullPointerException">java.lang.NullPointerException
	at edu.gmu.cs475.Part2ConcurrentTests.testListDirWhileRemoveFile(Part2ConcurrentTests.java:405)
</error>
    <system-out><![CDATA[SET children[]
SET children[/something]
SET children[]
]]></system-out>
  </testcase>
  <testcase name="testListParentDirWhileRemoveFile" classname="edu.gmu.cs475.Part2ConcurrentTests" time="0.013">
    <error type="java.lang.NullPointerException">java.lang.NullPointerException
	at edu.gmu.cs475.Part2ConcurrentTests.testListParentDirWhileRemoveFile(Part2ConcurrentTests.java:462)
</error>
    <system-out><![CDATA[SET children[]
SET children[/something]
SET children[]
]]></system-out>
  </testcase>
  <testcase name="testListParentDirWhileCreateFile" classname="edu.gmu.cs475.Part2ConcurrentTests" time="0.002">
    <error type="java.lang.NullPointerException">java.lang.NullPointerException
	at edu.gmu.cs475.Part2ConcurrentTests.testListParentDirWhileCreateFile(Part2ConcurrentTests.java:517)
</error>
    <system-out><![CDATA[SET children[]
SET children[/something]
SET children[]
]]></system-out>
  </testcase>
  <testcase name="testListAllKeysWhileSetKey" classname="edu.gmu.cs475.Part2ConcurrentTests" time="0.013">
    <failure message="Expected to not be able list keys while adding keys, but did" type="java.lang.AssertionError">java.lang.AssertionError: Expected to not be able list keys while adding keys, but did
	at edu.gmu.cs475.Part2ConcurrentTests.testListAllKeysWhileSetKey(Part2ConcurrentTests.java:561)
</failure>
    <system-out><![CDATA[SET children[]
SET children[/something]
SET children[]
SET children[/abcd]
SET children[/abcd]
]]></system-out>
  </testcase>
  <testcase name="testGetAndSetDifferentKeysSimultaneously" classname="edu.gmu.cs475.Part2ConcurrentTests" time="0.005"/>
  <testcase name="testSetAndRemoveDifferentKeySimultaneously" classname="edu.gmu.cs475.Part2ConcurrentTests" time="0.013"/>
  <testcase name="testRemoveParentDirectoryWhileSetKey" classname="edu.gmu.cs475.Part2ConcurrentTests" time="0.034">
    <failure message="Expected to not be able to delete a file&apos;s parent directory while creating the file" type="java.lang.AssertionError">java.lang.AssertionError: Expected to not be able to delete a file's parent directory while creating the file
	at edu.gmu.cs475.Part2ConcurrentTests.testRemoveParentDirectoryWhileSetKey(Part2ConcurrentTests.java:599)
</failure>
    <system-out><![CDATA[SET children[]
SET children[/something]
SET children[]
]]></system-out>
    <system-err><![CDATA[java.lang.NullPointerException
	at edu.gmu.cs475.KeyValueStore.listDirectory(KeyValueStore.java:136)
	at edu.gmu.cs475.KeyValueStore.removeDirectory(KeyValueStore.java:152)
	at edu.gmu.cs475.Part2ConcurrentTests$12.lambda$_set$0(Part2ConcurrentTests.java:576)
	at java.base/java.lang.Thread.run(Thread.java:835)
]]></system-err>
  </testcase>
  <testcase name="testRemoveParentDirectoryWhileSetKey" classname="edu.gmu.cs475.Part2ConcurrentTests" time="0.034">
    <failure message="Unexpected exception" type="java.lang.AssertionError">java.lang.AssertionError: Unexpected exception
	at edu.gmu.cs475.Part2ConcurrentTests.checkUncaughtException(Part2ConcurrentTests.java:52)
</failure>
  </testcase>
  <testcase name="testGetAndSetSameKeySimultaneously" classname="edu.gmu.cs475.Part2ConcurrentTests" time="0.004">
    <failure message="Expected to not be able to concurrently get and set on the same key, but did" type="java.lang.AssertionError">java.lang.AssertionError: Expected to not be able to concurrently get and set on the same key, but did
	at edu.gmu.cs475.Part2ConcurrentTests.testGetAndSetSameKeySimultaneously(Part2ConcurrentTests.java:127)
</failure>
    <system-out><![CDATA[SET children[]
SET children[/something]
SET children[]
SET children[/abcd]
]]></system-out>
  </testcase>
  <testcase name="testSetAndRemoveSameKeySimultaneously" classname="edu.gmu.cs475.Part2ConcurrentTests" time="0.012">
    <failure message="Expected to not be able to set and remove the same key simultaneoulsy, but did" type="java.lang.AssertionError">java.lang.AssertionError: Expected to not be able to set and remove the same key simultaneoulsy, but did
	at edu.gmu.cs475.Part2ConcurrentTests.testSetAndRemoveSameKeySimultaneously(Part2ConcurrentTests.java:205)
</failure>
    <system-out><![CDATA[SET children[]
SET children[/something]
SET children[]
]]></system-out>
  </testcase>
  <testcase name="testGetSameKeySimultaneously" classname="edu.gmu.cs475.Part2ConcurrentTests" time="0.003"/>
  <testcase name="testListDirSimultaneously" classname="edu.gmu.cs475.Part2ConcurrentTests" time="0.033">
    <error type="java.lang.NullPointerException">java.lang.NullPointerException
	at edu.gmu.cs475.Part2ConcurrentTests.testListDirSimultaneously(Part2ConcurrentTests.java:352)
</error>
    <system-out><![CDATA[SET children[]
SET children[/something]
SET children[]
SET children[/abcd]
SET children[/abcd]
]]></system-out>
    <system-err><![CDATA[java.lang.NullPointerException
	at edu.gmu.cs475.KeyValueStore.listDirectory(KeyValueStore.java:136)
	at edu.gmu.cs475.Part2ConcurrentTests$7.lambda$_get$0(Part2ConcurrentTests.java:328)
	at java.base/java.lang.Thread.run(Thread.java:835)
]]></system-err>
  </testcase>
  <testcase name="testListDirSimultaneously" classname="edu.gmu.cs475.Part2ConcurrentTests" time="0.033">
    <failure message="Unexpected exception" type="java.lang.AssertionError">java.lang.AssertionError: Unexpected exception
	at edu.gmu.cs475.Part2ConcurrentTests.checkUncaughtException(Part2ConcurrentTests.java:52)
</failure>
  </testcase>
  <testcase name="testSimultaneousInitializationOfDirectories" classname="edu.gmu.cs475.Part2ConcurrentTests" time="0.002">
    <failure message="While in the middle of initialization anotherFolder, we found another thread also created it (it was created twice)! You must hold locks as you initialize paths" type="java.lang.AssertionError">java.lang.AssertionError: While in the middle of initialization anotherFolder, we found another thread also created it (it was created twice)! You must hold locks as you initialize paths
	at edu.gmu.cs475.Part2ConcurrentTests.testSimultaneousInitializationOfDirectories(Part2ConcurrentTests.java:309)
</failure>
    <system-out><![CDATA[SET children[]
SET children[/something]
SET children[]
]]></system-out>
  </testcase>
</testsuite>