<?xml version="1.0" encoding="UTF-8"?>
<testsuite xmlns:xsi="http://www.w3.org/2001/XMLSchema-instance" xsi:noNamespaceSchemaLocation="https://maven.apache.org/surefire/maven-surefire-plugin/xsd/surefire-test-report.xsd" name="edu.gmu.cs475.Part1FunctionalTests" time="16.413" tests="8" errors="1" skipped="0" failures="5">
  <properties>
[...]
</properties>
  <testcase name="testAddAndGetStringAndListDir" classname="edu.gmu.cs475.Part1FunctionalTests" time="0.005">
    <failure message="Expected to find the created key in the directory listing for /" type="java.lang.AssertionError">java.lang.AssertionError: Expected to find the created key in the directory listing for /
	at edu.gmu.cs475.Part1FunctionalTests.testAddAndGetStringAndListDir(Part1FunctionalTests.java:68)
</failure>
    <system-out><![CDATA[SET children[]
SET children[/baz]
SET children[/baz]
SET children[]
SET children[]
]]></system-out>
  </testcase>
  <testcase name="testCreatesParentDirectoriesBeforeCreatingFile" classname="edu.gmu.cs475.Part1FunctionalTests" time="0.017">
    <failure message="Expected to find directory &lt;/other/path/&gt; created before /other/path/file was created. " type="java.lang.AssertionError"><![CDATA[java.lang.AssertionError: Expected to find directory </other/path/> created before /other/path/file was created. 
	at edu.gmu.cs475.Part1FunctionalTests.testCreatesParentDirectoriesBeforeCreatingFile(Part1FunctionalTests.java:402)
]]></failure>
    <system-out><![CDATA[SET children[]
SET children[/abcd]
SET children[/abcd]
]]></system-out>
  </testcase>
  <testcase name="testPathCheckingForDirectories" classname="edu.gmu.cs475.Part1FunctionalTests" time="0"/>
  <testcase name="testNoNullKeysOrValues" classname="edu.gmu.cs475.Part1FunctionalTests" time="0.001"/>
  <testcase name="testAddAndDeleteAndGetString" classname="edu.gmu.cs475.Part1FunctionalTests" time="0.016">
    <failure message="Expected no files in directory /, found: [//]" type="java.lang.AssertionError">java.lang.AssertionError: Expected no files in directory /, found: [//]
	at edu.gmu.cs475.Part1FunctionalTests.testAddAndDeleteAndGetString(Part1FunctionalTests.java:80)
</failure>
    <system-out><![CDATA[SET children[]
SET children[]
]]></system-out>
  </testcase>
  <testcase name="testRemoveDirectory" classname="edu.gmu.cs475.Part1FunctionalTests" time="7.144">
    <error type="java.lang.NullPointerException">java.lang.NullPointerException
	at edu.gmu.cs475.Part1FunctionalTests.testRemoveDirectory(Part1FunctionalTests.java:212)
</error>
    <system-out><![CDATA[SET children[]
SET children[]
SET children[]
SET children[]
SET children[/someValue/]
SET children[/someValue/base2/]
SET children[]
SET children[]
SET children[/someValue/]
SET children[/someValue/base2/, /someValue/base1/]
SET children[/someValue/base2/another0/]
SET children[]
SET children[/someValue/]
SET children[/someValue/base2/, /someValue/base1/]
SET children[]
SET children[]
SET children[/someValue/]
SET children[/someValue/base2/, /someValue/base1/, /someValue/base3/]
SET children[]
SET children[]
SET children[/someValue/]
SET children[/someValue/base2/, /someValue/base1/, /someValue/base3/, /someValue/base0/]
SET children[/someValue/base0/another2/]
SET children[/someValue/base0/another2/file4]
SET children[/someValue/]
SET children[/someValue/base2/, /someValue/base1/, /someValue/base3/, /someValue/base0/]
SET children[/someValue/base2/another0/, /someValue/base2/another2/]
SET children[]
SET children[/someValue/]
SET children[/someValue/base2/, /someValue/base1/, /someValue/base3/, /someValue/base0/]
SET children[]
SET children[]
SET children[/someValue/]
SET children[/someValue/base2/, /someValue/base1/, /someValue/base3/, /someValue/base0/, /someValue/base4/]
SET children[/someValue/base2/another0/, /someValue/base2/another2/, /someValue/base2/another3/]
SET children[/someValue/base2/another3/file4]
SET children[/someValue/]
SET children[/someValue/base2/, /someValue/base1/, /someValue/base3/, /someValue/base0/, /someValue/base4/]
SET children[/someValue/base4/another3/]
SET children[]
SET children[/someValue/]
SET children[/someValue/base2/, /someValue/base1/, /someValue/base3/, /someValue/base0/, /someValue/base4/]
SET children[/someValue/base1/another2/]
SET children[]
SET children[/someValue/]
SET children[/someValue/base2/, /someValue/base1/, /someValue/base3/, /someValue/base0/, /someValue/base4/]
SET children[/someValue/base2/another0/, /someValue/base2/another2/, /someValue/base2/another3/]
SET children[]
SET children[/someValue/]
SET children[/someValue/base2/, /someValue/base1/, /someValue/base3/, /someValue/base0/, /someValue/base4/]
SET children[/someValue/base3/another3/]
SET children[]
SET children[/someValue/]
SET children[/someValue/base2/, /someValue/base1/, /someValue/base3/, /someValue/base0/, /someValue/base4/]
SET children[/someValue/base2/another0/, /someValue/base2/another2/, /someValue/base2/another3/, /someValue/base2/another4/]
SET children[/someValue/base2/another0/file0]
SET children[/someValue/]
SET children[/someValue/base2/, /someValue/base1/, /someValue/base3/, /someValue/base0/, /someValue/base4/]
SET children[/someValue/base3/another3/, /someValue/base3/another0/]
SET children[]
SET children[/someValue/]
SET children[/someValue/base2/, /someValue/base1/, /someValue/base3/, /someValue/base0/, /someValue/base4/]
SET children[/someValue/base3/another3/, /someValue/base3/another0/, /someValue/base3/another2/]
SET children[/someValue/base3/another3/file3]
SET children[/someValue/]
SET children[/someValue/base2/, /someValue/base1/, /someValue/base3/, /someValue/base0/, /someValue/base4/]
SET children[/someValue/base3/another3/, /someValue/base3/another0/, /someValue/base3/another2/]
SET children[]
SET children[/someValue/]
SET children[/someValue/base2/, /someValue/base1/, /someValue/base3/, /someValue/base0/, /someValue/base4/]
SET children[/someValue/base3/another3/, /someValue/base3/another0/, /someValue/base3/another2/, /someValue/base3/another4/]
SET children[/someValue/base3/another2/file1]
SET children[/someValue/]
SET children[/someValue/base2/, /someValue/base1/, /someValue/base3/, /someValue/base0/, /someValue/base4/]
SET children[/someValue/base0/another2/]
SET children[]
SET children[/someValue/]
SET children[/someValue/base2/, /someValue/base1/, /someValue/base3/, /someValue/base0/, /someValue/base4/]
SET children[/someValue/base2/another0/, /someValue/base2/another2/, /someValue/base2/another3/, /someValue/base2/another4/]
SET children[/someValue/base2/another2/file3]
SET children[/someValue/]
SET children[/someValue/base2/, /someValue/base1/, /someValue/base3/, /someValue/base0/, /someValue/base4/]
SET children[/someValue/base4/another3/, /someValue/base4/another1/]
SET children[]
SET children[/someValue/]
SET children[/someValue/base2/, /someValue/base1/, /someValue/base3/, /someValue/base0/, /someValue/base4/]
SET children[/someValue/base3/another3/, /someValue/base3/another0/, /someValue/base3/another2/, /someValue/base3/another4/]
SET children[/someValue/base3/another2/file1, /someValue/base3/another2/file0]
SET children[/someValue/]
SET children[/someValue/base2/, /someValue/base1/, /someValue/base3/, /someValue/base0/, /someValue/base4/]
SET children[/someValue/base4/another3/, /someValue/base4/another1/, /someValue/base4/another4/]
SET children[]
SET children[/someValue/]
SET children[/someValue/base2/, /someValue/base1/, /someValue/base3/, /someValue/base0/, /someValue/base4/]
SET children[/someValue/base1/another2/, /someValue/base1/another3/]
SET children[]
SET children[/someValue/]
SET children[/someValue/base2/, /someValue/base1/, /someValue/base3/, /someValue/base0/, /someValue/base4/]
SET children[/someValue/base1/another2/, /someValue/base1/another3/, /someValue/base1/another0/]
SET children[]
SET children[/someValue/]
SET children[/someValue/base2/, /someValue/base1/, /someValue/base3/, /someValue/base0/, /someValue/base4/]
SET children[/someValue/base4/another3/, /someValue/base4/another1/, /someValue/base4/another4/, /someValue/base4/another0/]
SET children[]
SET children[/someValue/]
SET children[/someValue/base2/, /someValue/base1/, /someValue/base3/, /someValue/base0/, /someValue/base4/]
SET children[/someValue/base1/another2/, /someValue/base1/another3/, /someValue/base1/another0/, /someValue/base1/another4/]
SET children[/someValue/base1/another0/file4]
SET children[/someValue/]
SET children[/someValue/base2/, /someValue/base1/, /someValue/base3/, /someValue/base0/, /someValue/base4/]
SET children[/someValue/base3/another3/, /someValue/base3/another0/, /someValue/base3/another2/, /someValue/base3/another4/]
SET children[/someValue/base3/another4/file4]
SET children[/someValue/]
SET children[/someValue/base2/, /someValue/base1/, /someValue/base3/, /someValue/base0/, /someValue/base4/]
SET children[/someValue/base4/another3/, /someValue/base4/another1/, /someValue/base4/another4/, /someValue/base4/another0/, /someValue/base4/another2/]
SET children[/someValue/base4/another3/file1]
SET children[/someValue/]
SET children[/someValue/base2/, /someValue/base1/, /someValue/base3/, /someValue/base0/, /someValue/base4/]
SET children[/someValue/base1/another2/, /someValue/base1/another3/, /someValue/base1/another0/, /someValue/base1/another4/]
SET children[/someValue/base1/another2/file3]
SET children[/someValue/]
SET children[/someValue/base2/, /someValue/base1/, /someValue/base3/, /someValue/base0/, /someValue/base4/]
SET children[/someValue/base1/another2/, /someValue/base1/another3/, /someValue/base1/another0/, /someValue/base1/another4/]
SET children[/someValue/base1/another0/file4, /someValue/base1/another0/file1]
SET children[/someValue/]
SET children[/someValue/base2/, /someValue/base1/, /someValue/base3/, /someValue/base0/, /someValue/base4/]
SET children[/someValue/base0/another2/, /someValue/base0/another3/]
SET children[/someValue/base0/another3/file0]
SET children[/someValue/]
SET children[/someValue/base2/, /someValue/base1/, /someValue/base3/, /someValue/base0/, /someValue/base4/]
SET children[/someValue/base3/another3/, /someValue/base3/another0/, /someValue/base3/another2/, /someValue/base3/another4/]
SET children[/someValue/base3/another3/file3, /someValue/base3/another3/file0]
SET children[/someValue/]
SET children[/someValue/base2/, /someValue/base1/, /someValue/base3/, /someValue/base0/, /someValue/base4/]
SET children[/someValue/base2/another0/, /someValue/base2/another2/, /someValue/base2/another3/, /someValue/base2/another4/]
SET children[/someValue/base2/another4/file3]
SET children[/someValue/]
SET children[/someValue/base2/, /someValue/base1/, /someValue/base3/, /someValue/base0/, /someValue/base4/]
SET children[/someValue/base2/another0/, /someValue/base2/another2/, /someValue/base2/another3/, /someValue/base2/another4/]
SET children[]
SET children[/someValue/]
SET children[/someValue/base2/, /someValue/base1/, /someValue/base3/, /someValue/base0/, /someValue/base4/]
SET children[/someValue/base4/another3/, /someValue/base4/another1/, /someValue/base4/another4/, /someValue/base4/another0/, /someValue/base4/another2/]
SET children[/someValue/base4/another4/file4]
SET children[/someValue/]
SET children[/someValue/base2/, /someValue/base1/, /someValue/base3/, /someValue/base0/, /someValue/base4/]
SET children[/someValue/base0/another2/, /someValue/base0/another3/]
SET children[/someValue/base0/another2/file4, /someValue/base0/another2/file3]
SET children[/someValue/]
SET children[/someValue/base2/, /someValue/base1/, /someValue/base3/, /someValue/base0/, /someValue/base4/]
SET children[/someValue/base2/another0/, /someValue/base2/another2/, /someValue/base2/another3/, /someValue/base2/another4/, /someValue/base2/another1/]
SET children[/someValue/base2/another1/file0]
SET children[/someValue/]
SET children[/someValue/base2/, /someValue/base1/, /someValue/base3/, /someValue/base0/, /someValue/base4/]
SET children[/someValue/base2/another0/, /someValue/base2/another2/, /someValue/base2/another3/, /someValue/base2/another4/, /someValue/base2/another1/]
SET children[/someValue/base2/another2/file3, /someValue/base2/another2/file2]
SET children[/someValue/]
SET children[/someValue/base2/, /someValue/base1/, /someValue/base3/, /someValue/base0/, /someValue/base4/]
SET children[/someValue/base1/another2/, /someValue/base1/another3/, /someValue/base1/another0/, /someValue/base1/another4/]
SET children[/someValue/base1/another0/file4, /someValue/base1/another0/file1, /someValue/base1/another0/file3]
SET children[/someValue/]
SET children[/someValue/base2/, /someValue/base1/, /someValue/base3/, /someValue/base0/, /someValue/base4/]
SET children[/someValue/base0/another2/, /someValue/base0/another3/]
SET children[]
SET children[/someValue/]
SET children[/someValue/base2/, /someValue/base1/, /someValue/base3/, /someValue/base0/, /someValue/base4/]
SET children[/someValue/base3/another3/, /someValue/base3/another0/, /someValue/base3/another2/, /someValue/base3/another4/]
SET children[/someValue/base3/another4/file4, /someValue/base3/another4/file3]
SET children[/someValue/]
SET children[/someValue/base2/, /someValue/base1/, /someValue/base3/, /someValue/base0/, /someValue/base4/]
SET children[/someValue/base4/another3/, /someValue/base4/another1/, /someValue/base4/another4/, /someValue/base4/another0/, /someValue/base4/another2/]
SET children[/someValue/base4/another1/file0]
SET children[/someValue/]
SET children[/someValue/base2/, /someValue/base1/, /someValue/base3/, /someValue/base0/, /someValue/base4/]
SET children[/someValue/base1/another2/, /someValue/base1/another3/, /someValue/base1/another0/, /someValue/base1/another4/]
SET children[/someValue/base1/another4/file4]
SET children[/someValue/]
SET children[/someValue/base2/, /someValue/base1/, /someValue/base3/, /someValue/base0/, /someValue/base4/]
SET children[/someValue/base0/another2/, /someValue/base0/another3/, /someValue/base0/another1/]
SET children[/someValue/base0/another3/file0, /someValue/base0/another3/file3]
SET children[/someValue/]
SET children[/someValue/base2/, /someValue/base1/, /someValue/base3/, /someValue/base0/, /someValue/base4/]
SET children[/someValue/base0/another2/, /someValue/base0/another3/, /someValue/base0/another1/]
SET children[/someValue/base0/another1/file3]
SET children[/someValue/]
SET children[/someValue/base2/, /someValue/base1/, /someValue/base3/, /someValue/base0/, /someValue/base4/]
SET children[/someValue/base1/another2/, /someValue/base1/another3/, /someValue/base1/another0/, /someValue/base1/another4/]
SET children[]
SET children[/someValue/]
SET children[/someValue/base2/, /someValue/base1/, /someValue/base3/, /someValue/base0/, /someValue/base4/]
SET children[/someValue/base4/another3/, /someValue/base4/another1/, /someValue/base4/another4/, /someValue/base4/another0/, /someValue/base4/another2/]
SET children[/someValue/base4/another4/file4, /someValue/base4/another4/file1]
SET children[/someValue/]
SET children[/someValue/base2/, /someValue/base1/, /someValue/base3/, /someValue/base0/, /someValue/base4/]
SET children[/someValue/base4/another3/, /someValue/base4/another1/, /someValue/base4/another4/, /someValue/base4/another0/, /someValue/base4/another2/]
SET children[/someValue/base4/another2/file0]
SET children[/someValue/]
SET children[/someValue/base2/, /someValue/base1/, /someValue/base3/, /someValue/base0/, /someValue/base4/]
SET children[/someValue/base1/another2/, /someValue/base1/another3/, /someValue/base1/another0/, /someValue/base1/another4/, /someValue/base1/another1/]
SET children[/someValue/base1/another3/file4]
SET children[/someValue/]
SET children[/someValue/base2/, /someValue/base1/, /someValue/base3/, /someValue/base0/, /someValue/base4/]
SET children[/someValue/base4/another3/, /someValue/base4/another1/, /someValue/base4/another4/, /someValue/base4/another0/, /someValue/base4/another2/]
SET children[/someValue/base4/another3/file1, /someValue/base4/another3/file0]
SET children[/someValue/]
SET children[/someValue/base2/, /someValue/base1/, /someValue/base3/, /someValue/base0/, /someValue/base4/]
SET children[/someValue/base0/another2/, /someValue/base0/another3/, /someValue/base0/another1/]
SET children[]
SET children[/someValue/]
SET children[/someValue/base2/, /someValue/base1/, /someValue/base3/, /someValue/base0/, /someValue/base4/]
SET children[/someValue/base4/another3/, /someValue/base4/another1/, /someValue/base4/another4/, /someValue/base4/another0/, /someValue/base4/another2/]
SET children[/someValue/base4/another0/file2]
SET children[/someValue/]
SET children[/someValue/base2/, /someValue/base1/, /someValue/base3/, /someValue/base0/, /someValue/base4/]
SET children[/someValue/base4/another3/, /someValue/base4/another1/, /someValue/base4/another4/, /someValue/base4/another0/, /someValue/base4/another2/]
SET children[/someValue/base4/another2/file0, /someValue/base4/another2/file3]
SET children[/someValue/]
SET children[/someValue/base2/, /someValue/base1/, /someValue/base3/, /someValue/base0/, /someValue/base4/]
SET children[/someValue/base1/another2/, /someValue/base1/another3/, /someValue/base1/another0/, /someValue/base1/another4/, /someValue/base1/another1/]
SET children[/someValue/base1/another3/file4, /someValue/base1/another3/file1]
SET children[/someValue/]
SET children[/someValue/base2/, /someValue/base1/, /someValue/base3/, /someValue/base0/, /someValue/base4/]
SET children[/someValue/base0/another2/, /someValue/base0/another3/, /someValue/base0/another1/, /someValue/base0/another4/]
SET children[/someValue/base0/another3/file0, /someValue/base0/another3/file3, /someValue/base0/another3/file1]
SET children[/someValue/]
SET children[/someValue/base2/, /someValue/base1/, /someValue/base3/, /someValue/base0/, /someValue/base4/]
SET children[/someValue/base3/another3/, /someValue/base3/another0/, /someValue/base3/another2/, /someValue/base3/another4/]
SET children[/someValue/base3/another2/file1, /someValue/base3/another2/file0, /someValue/base3/another2/file2]
SET children[/someValue/]
SET children[/someValue/base2/, /someValue/base1/, /someValue/base3/, /someValue/base0/, /someValue/base4/]
SET children[/someValue/base0/another2/, /someValue/base0/another3/, /someValue/base0/another1/, /someValue/base0/another4/]
SET children[/someValue/base0/another2/file4, /someValue/base0/another2/file3, /someValue/base0/another2/file2]
SET children[/someValue/]
SET children[/someValue/base2/, /someValue/base1/, /someValue/base3/, /someValue/base0/, /someValue/base4/]
SET children[/someValue/base3/another3/, /someValue/base3/another0/, /someValue/base3/another2/, /someValue/base3/another4/]
SET children[/someValue/base3/another4/file4, /someValue/base3/another4/file3, /someValue/base3/another4/file2]
SET children[/someValue/]
SET children[/someValue/base2/, /someValue/base1/, /someValue/base3/, /someValue/base0/, /someValue/base4/]
SET children[/someValue/base0/another2/, /someValue/base0/another3/, /someValue/base0/another1/, /someValue/base0/another4/]
SET children[/someValue/base0/another1/file3, /someValue/base0/another1/file2]
SET children[/someValue/]
SET children[/someValue/base2/, /someValue/base1/, /someValue/base3/, /someValue/base0/, /someValue/base4/]
SET children[/someValue/base4/another3/, /someValue/base4/another1/, /someValue/base4/another4/, /someValue/base4/another0/, /someValue/base4/another2/]
SET children[/someValue/base4/another4/file4, /someValue/base4/another4/file1, /someValue/base4/another4/file3]
SET children[/someValue/]
SET children[/someValue/base2/, /someValue/base1/, /someValue/base3/, /someValue/base0/, /someValue/base4/]
SET children[/someValue/base1/another2/, /someValue/base1/another3/, /someValue/base1/another0/, /someValue/base1/another4/, /someValue/base1/another1/]
SET children[/someValue/base1/another4/file4, /someValue/base1/another4/file2]
SET children[/someValue/]
SET children[/someValue/base2/, /someValue/base1/, /someValue/base3/, /someValue/base0/, /someValue/base4/]
SET children[/someValue/base0/another2/, /someValue/base0/another3/, /someValue/base0/another1/, /someValue/base0/another4/]
SET children[/someValue/base0/another1/file3, /someValue/base0/another1/file2, /someValue/base0/another1/file1]
SET children[/someValue/]
SET children[/someValue/base2/, /someValue/base1/, /someValue/base3/, /someValue/base0/, /someValue/base4/]
SET children[/someValue/base0/another2/, /someValue/base0/another3/, /someValue/base0/another1/, /someValue/base0/another4/]
SET children[]
SET children[/someValue/]
SET children[/someValue/base2/, /someValue/base1/, /someValue/base3/, /someValue/base0/, /someValue/base4/]
SET children[/someValue/base3/another3/, /someValue/base3/another0/, /someValue/base3/another2/, /someValue/base3/another4/]
SET children[/someValue/base3/another0/file1]
SET children[/someValue/]
SET children[/someValue/base2/, /someValue/base1/, /someValue/base3/, /someValue/base0/, /someValue/base4/]
SET children[/someValue/base4/another3/, /someValue/base4/another1/, /someValue/base4/another4/, /someValue/base4/another0/, /someValue/base4/another2/]
SET children[/someValue/base4/another2/file0, /someValue/base4/another2/file3, /someValue/base4/another2/file2]
SET children[/someValue/]
SET children[/someValue/base2/, /someValue/base1/, /someValue/base3/, /someValue/base0/, /someValue/base4/]
SET children[/someValue/base3/another3/, /someValue/base3/another0/, /someValue/base3/another2/, /someValue/base3/another4/]
SET children[/someValue/base3/another0/file1, /someValue/base3/another0/file0]
SET children[/someValue/]
SET children[/someValue/base2/, /someValue/base1/, /someValue/base3/, /someValue/base0/, /someValue/base4/]
SET children[/someValue/base4/another3/, /someValue/base4/another1/, /someValue/base4/another4/, /someValue/base4/another0/, /someValue/base4/another2/]
SET children[/someValue/base4/another3/file1, /someValue/base4/another3/file0, /someValue/base4/another3/file4]
SET children[/someValue/]
SET children[/someValue/base2/, /someValue/base1/, /someValue/base3/, /someValue/base0/, /someValue/base4/]
SET children[/someValue/base3/another3/, /someValue/base3/another0/, /someValue/base3/another2/, /someValue/base3/another4/]
SET children[]
SET children[/someValue/]
SET children[/someValue/base2/, /someValue/base1/, /someValue/base3/, /someValue/base0/, /someValue/base4/]
SET children[/someValue/base0/another2/, /someValue/base0/another3/, /someValue/base0/another1/, /someValue/base0/another4/, /someValue/base0/another0/]
SET children[/someValue/base0/another1/file3, /someValue/base0/another1/file2, /someValue/base0/another1/file1, /someValue/base0/another1/file4]
SET children[/someValue/]
SET children[/someValue/base2/, /someValue/base1/, /someValue/base3/, /someValue/base0/, /someValue/base4/]
SET children[/someValue/base2/another0/, /someValue/base2/another2/, /someValue/base2/another3/, /someValue/base2/another4/, /someValue/base2/another1/]
SET children[/someValue/base2/another3/file4, /someValue/base2/another3/file1]
SET children[/someValue/]
SET children[/someValue/base2/, /someValue/base1/, /someValue/base3/, /someValue/base0/, /someValue/base4/]
SET children[/someValue/base1/another2/, /someValue/base1/another3/, /someValue/base1/another0/, /someValue/base1/another4/, /someValue/base1/another1/]
SET children[/someValue/base1/another1/file0]
SET children[/someValue/]
SET children[/someValue/base2/, /someValue/base1/, /someValue/base3/, /someValue/base0/, /someValue/base4/]
SET children[/someValue/base3/another3/, /someValue/base3/another0/, /someValue/base3/another2/, /someValue/base3/another4/, /someValue/base3/another1/]
SET children[/someValue/base3/another4/file4, /someValue/base3/another4/file3, /someValue/base3/another4/file2, /someValue/base3/another4/file1]
SET children[/someValue/]
SET children[/someValue/base2/, /someValue/base1/, /someValue/base3/, /someValue/base0/, /someValue/base4/]
SET children[/someValue/base1/another2/, /someValue/base1/another3/, /someValue/base1/another0/, /someValue/base1/another4/, /someValue/base1/another1/]
SET children[/someValue/base1/another0/file4, /someValue/base1/another0/file1, /someValue/base1/another0/file3, /someValue/base1/another0/file2]
SET children[/someValue/]
SET children[/someValue/base2/, /someValue/base1/, /someValue/base3/, /someValue/base0/, /someValue/base4/]
SET children[/someValue/base1/another2/, /someValue/base1/another3/, /someValue/base1/another0/, /someValue/base1/another4/, /someValue/base1/another1/]
SET children[/someValue/base1/another1/file0, /someValue/base1/another1/file3]
SET children[/someValue/]
SET children[/someValue/base2/, /someValue/base1/, /someValue/base3/, /someValue/base0/, /someValue/base4/]
SET children[/someValue/base3/another3/, /someValue/base3/another0/, /someValue/base3/another2/, /someValue/base3/another4/, /someValue/base3/another1/]
SET children[/someValue/base3/another3/file3, /someValue/base3/another3/file0, /someValue/base3/another3/file4]
SET children[/someValue/]
SET children[/someValue/base2/, /someValue/base1/, /someValue/base3/, /someValue/base0/, /someValue/base4/]
SET children[/someValue/base3/another3/, /someValue/base3/another0/, /someValue/base3/another2/, /someValue/base3/another4/, /someValue/base3/another1/]
SET children[/someValue/base3/another0/file1, /someValue/base3/another0/file0, /someValue/base3/another0/file3]
SET children[/someValue/]
SET children[/someValue/base2/, /someValue/base1/, /someValue/base3/, /someValue/base0/, /someValue/base4/]
SET children[/someValue/base2/another0/, /someValue/base2/another2/, /someValue/base2/another3/, /someValue/base2/another4/, /someValue/base2/another1/]
SET children[/someValue/base2/another4/file3, /someValue/base2/another4/file4]
SET children[/someValue/]
SET children[/someValue/base2/, /someValue/base1/, /someValue/base3/, /someValue/base0/, /someValue/base4/]
SET children[/someValue/base1/another2/, /someValue/base1/another3/, /someValue/base1/another0/, /someValue/base1/another4/, /someValue/base1/another1/]
SET children[/someValue/base1/another4/file4, /someValue/base1/another4/file2, /someValue/base1/another4/file3]
SET children[/someValue/]
SET children[/someValue/base2/, /someValue/base1/, /someValue/base3/, /someValue/base0/, /someValue/base4/]
SET children[/someValue/base2/another0/, /someValue/base2/another2/, /someValue/base2/another3/, /someValue/base2/another4/, /someValue/base2/another1/]
SET children[/someValue/base2/another0/file0, /someValue/base2/another0/file1]
SET children[/someValue/]
SET children[/someValue/base2/, /someValue/base1/, /someValue/base3/, /someValue/base0/, /someValue/base4/]
SET children[/someValue/base4/another3/, /someValue/base4/another1/, /someValue/base4/another4/, /someValue/base4/another0/, /someValue/base4/another2/]
SET children[/someValue/base4/another0/file2, /someValue/base4/another0/file4]
SET children[/someValue/]
SET children[/someValue/base2/, /someValue/base1/, /someValue/base3/, /someValue/base0/, /someValue/base4/]
SET children[/someValue/base2/another0/, /someValue/base2/another2/, /someValue/base2/another3/, /someValue/base2/another4/, /someValue/base2/another1/]
SET children[/someValue/base2/another2/file3, /someValue/base2/another2/file2, /someValue/base2/another2/file1]
SET children[/someValue/]
SET children[/someValue/base2/, /someValue/base1/, /someValue/base3/, /someValue/base0/, /someValue/base4/]
SET children[/someValue/base4/another3/, /someValue/base4/another1/, /someValue/base4/another4/, /someValue/base4/another0/, /someValue/base4/another2/]
SET children[/someValue/base4/another1/file0, /someValue/base4/another1/file1]
SET children[/someValue/]
SET children[/someValue/base2/, /someValue/base1/, /someValue/base3/, /someValue/base0/, /someValue/base4/]
SET children[/someValue/base4/another3/, /someValue/base4/another1/, /someValue/base4/another4/, /someValue/base4/another0/, /someValue/base4/another2/]
SET children[/someValue/base4/another3/file1, /someValue/base4/another3/file0, /someValue/base4/another3/file4, /someValue/base4/another3/file3]
SET children[/someValue/]
SET children[/someValue/base2/, /someValue/base1/, /someValue/base3/, /someValue/base0/, /someValue/base4/]
SET children[/someValue/base0/another2/, /someValue/base0/another3/, /someValue/base0/another1/, /someValue/base0/another4/, /someValue/base0/another0/]
SET children[/someValue/base0/another2/file4, /someValue/base0/another2/file3, /someValue/base0/another2/file2, /someValue/base0/another2/file1]
SET children[/someValue/]
SET children[/someValue/base2/, /someValue/base1/, /someValue/base3/, /someValue/base0/, /someValue/base4/]
SET children[/someValue/base3/another3/, /someValue/base3/another0/, /someValue/base3/another2/, /someValue/base3/another4/, /someValue/base3/another1/]
SET children[/someValue/base3/another1/file2]
SET children[/someValue/]
SET children[/someValue/base2/, /someValue/base1/, /someValue/base3/, /someValue/base0/, /someValue/base4/]
SET children[/someValue/base2/another0/, /someValue/base2/another2/, /someValue/base2/another3/, /someValue/base2/another4/, /someValue/base2/another1/]
SET children[/someValue/base2/another4/file3, /someValue/base2/another4/file4, /someValue/base2/another4/file0]
SET children[/someValue/]
SET children[/someValue/base2/, /someValue/base1/, /someValue/base3/, /someValue/base0/, /someValue/base4/]
SET children[/someValue/base0/another2/, /someValue/base0/another3/, /someValue/base0/another1/, /someValue/base0/another4/, /someValue/base0/another0/]
SET children[/someValue/base0/another3/file0, /someValue/base0/another3/file3, /someValue/base0/another3/file1, /someValue/base0/another3/file2]
SET children[/someValue/]
SET children[/someValue/base2/, /someValue/base1/, /someValue/base3/, /someValue/base0/, /someValue/base4/]
SET children[/someValue/base2/another0/, /someValue/base2/another2/, /someValue/base2/another3/, /someValue/base2/another4/, /someValue/base2/another1/]
SET children[/someValue/base2/another1/file0, /someValue/base2/another1/file4]
SET children[/someValue/]
SET children[/someValue/base2/, /someValue/base1/, /someValue/base3/, /someValue/base0/, /someValue/base4/]
SET children[/someValue/base3/another3/, /someValue/base3/another0/, /someValue/base3/another2/, /someValue/base3/another4/, /someValue/base3/another1/]
SET children[/someValue/base3/another0/file1, /someValue/base3/another0/file0, /someValue/base3/another0/file3, /someValue/base3/another0/file2]
SET children[/someValue/]
SET children[/someValue/base2/, /someValue/base1/, /someValue/base3/, /someValue/base0/, /someValue/base4/]
SET children[/someValue/base1/another2/, /someValue/base1/another3/, /someValue/base1/another0/, /someValue/base1/another4/, /someValue/base1/another1/]
SET children[/someValue/base1/another2/file3, /someValue/base1/another2/file4]
SET children[/someValue/]
SET children[/someValue/base2/, /someValue/base1/, /someValue/base3/, /someValue/base0/, /someValue/base4/]
SET children[/someValue/base2/another0/, /someValue/base2/another2/, /someValue/base2/another3/, /someValue/base2/another4/, /someValue/base2/another1/]
SET children[/someValue/base2/another0/file0, /someValue/base2/another0/file1, /someValue/base2/another0/file4]
SET children[/someValue/]
SET children[/someValue/base2/, /someValue/base1/, /someValue/base3/, /someValue/base0/, /someValue/base4/]
SET children[/someValue/base1/another2/, /someValue/base1/another3/, /someValue/base1/another0/, /someValue/base1/another4/, /someValue/base1/another1/]
SET children[/someValue/base1/another3/file4, /someValue/base1/another3/file1, /someValue/base1/another3/file3]
SET children[/someValue/]
SET children[/someValue/base2/, /someValue/base1/, /someValue/base3/, /someValue/base0/, /someValue/base4/]
SET children[/someValue/base1/another2/, /someValue/base1/another3/, /someValue/base1/another0/, /someValue/base1/another4/, /someValue/base1/another1/]
SET children[/someValue/base1/another3/file4, /someValue/base1/another3/file1, /someValue/base1/another3/file3, /someValue/base1/another3/file2]
SET children[/someValue/]
SET children[/someValue/base2/, /someValue/base1/, /someValue/base3/, /someValue/base0/, /someValue/base4/]
SET children[/someValue/base4/another3/, /someValue/base4/another1/, /someValue/base4/another4/, /someValue/base4/another0/, /someValue/base4/another2/]
SET children[/someValue/base4/another1/file0, /someValue/base4/another1/file1, /someValue/base4/another1/file2]
SET children[/someValue/]
SET children[/someValue/base2/, /someValue/base1/, /someValue/base3/, /someValue/base0/, /someValue/base4/]
SET children[/someValue/base3/another3/, /someValue/base3/another0/, /someValue/base3/another2/, /someValue/base3/another4/, /someValue/base3/another1/]
SET children[/someValue/base3/another3/file3, /someValue/base3/another3/file0, /someValue/base3/another3/file4, /someValue/base3/another3/file1]
SET children[/someValue/]
SET children[/someValue/base2/, /someValue/base1/, /someValue/base3/, /someValue/base0/, /someValue/base4/]
SET children[/someValue/base0/another2/, /someValue/base0/another3/, /someValue/base0/another1/, /someValue/base0/another4/, /someValue/base0/another0/]
SET children[/someValue/base0/another0/file4]
SET children[/someValue/]
SET children[/someValue/base2/, /someValue/base1/, /someValue/base3/, /someValue/base0/, /someValue/base4/]
SET children[/someValue/base2/another0/, /someValue/base2/another2/, /someValue/base2/another3/, /someValue/base2/another4/, /someValue/base2/another1/]
SET children[/someValue/base2/another1/file0, /someValue/base2/another1/file4, /someValue/base2/another1/file1]
SET children[/someValue/]
SET children[/someValue/base2/, /someValue/base1/, /someValue/base3/, /someValue/base0/, /someValue/base4/]
SET children[/someValue/base2/another0/, /someValue/base2/another2/, /someValue/base2/another3/, /someValue/base2/another4/, /someValue/base2/another1/]
SET children[/someValue/base2/another0/file0, /someValue/base2/another0/file1, /someValue/base2/another0/file4, /someValue/base2/another0/file3]
SET children[/someValue/]
SET children[/someValue/base2/, /someValue/base1/, /someValue/base3/, /someValue/base0/, /someValue/base4/]
SET children[/someValue/base2/another0/, /someValue/base2/another2/, /someValue/base2/another3/, /someValue/base2/another4/, /someValue/base2/another1/]
SET children[/someValue/base2/another1/file0, /someValue/base2/another1/file4, /someValue/base2/another1/file1, /someValue/base2/another1/file2]
SET children[/someValue/]
SET children[/someValue/base2/, /someValue/base1/, /someValue/base3/, /someValue/base0/, /someValue/base4/]
SET children[/someValue/base2/another0/, /someValue/base2/another2/, /someValue/base2/another3/, /someValue/base2/another4/, /someValue/base2/another1/]
SET children[/someValue/base2/another3/file4, /someValue/base2/another3/file1, /someValue/base2/another3/file2]
SET children[/someValue/]
SET children[/someValue/base2/, /someValue/base1/, /someValue/base3/, /someValue/base0/, /someValue/base4/]
SET children[/someValue/base1/another2/, /someValue/base1/another3/, /someValue/base1/another0/, /someValue/base1/another4/, /someValue/base1/another1/]
SET children[/someValue/base1/another2/file3, /someValue/base1/another2/file4, /someValue/base1/another2/file0]
SET children[/someValue/]
SET children[/someValue/base2/, /someValue/base1/, /someValue/base3/, /someValue/base0/, /someValue/base4/]
SET children[/someValue/base0/another2/, /someValue/base0/another3/, /someValue/base0/another1/, /someValue/base0/another4/, /someValue/base0/another0/]
SET children[/someValue/base0/another0/file4, /someValue/base0/another0/file3]
SET children[/someValue/]
SET children[/someValue/base2/, /someValue/base1/, /someValue/base3/, /someValue/base0/, /someValue/base4/]
SET children[/someValue/base3/another3/, /someValue/base3/another0/, /someValue/base3/another2/, /someValue/base3/another4/, /someValue/base3/another1/]
SET children[/someValue/base3/another1/file2, /someValue/base3/another1/file4]
SET children[/someValue/]
SET children[/someValue/base2/, /someValue/base1/, /someValue/base3/, /someValue/base0/, /someValue/base4/]
SET children[/someValue/base0/another2/, /someValue/base0/another3/, /someValue/base0/another1/, /someValue/base0/another4/, /someValue/base0/another0/]
SET children[/someValue/base0/another4/file1]
SET children[/someValue/]
SET children[/someValue/base2/, /someValue/base1/, /someValue/base3/, /someValue/base0/, /someValue/base4/]
SET children[/someValue/base2/another0/, /someValue/base2/another2/, /someValue/base2/another3/, /someValue/base2/another4/, /someValue/base2/another1/]
SET children[/someValue/base2/another3/file4, /someValue/base2/another3/file1, /someValue/base2/another3/file2, /someValue/base2/another3/file0]
SET children[/someValue/]
SET children[/someValue/base2/, /someValue/base1/, /someValue/base3/, /someValue/base0/, /someValue/base4/]
SET children[/someValue/base4/another3/, /someValue/base4/another1/, /someValue/base4/another4/, /someValue/base4/another0/, /someValue/base4/another2/]
SET children[/someValue/base4/another0/file2, /someValue/base4/another0/file4, /someValue/base4/another0/file0]
SET children[/someValue/]
SET children[/someValue/base2/, /someValue/base1/, /someValue/base3/, /someValue/base0/, /someValue/base4/]
SET children[/someValue/base2/another0/, /someValue/base2/another2/, /someValue/base2/another3/, /someValue/base2/another4/, /someValue/base2/another1/]
SET children[/someValue/base2/another2/file3, /someValue/base2/another2/file2, /someValue/base2/another2/file1, /someValue/base2/another2/file4]
SET children[/someValue/]
SET children[/someValue/base2/, /someValue/base1/, /someValue/base3/, /someValue/base0/, /someValue/base4/]
SET children[/someValue/base2/another0/, /someValue/base2/another2/, /someValue/base2/another3/, /someValue/base2/another4/, /someValue/base2/another1/]
SET children[/someValue/base2/another4/file3, /someValue/base2/another4/file4, /someValue/base2/another4/file0, /someValue/base2/another4/file1]
SET children[/someValue/]
SET children[/someValue/base2/, /someValue/base1/, /someValue/base3/, /someValue/base0/, /someValue/base4/]
SET children[/someValue/base1/another2/, /someValue/base1/another3/, /someValue/base1/another0/, /someValue/base1/another4/, /someValue/base1/another1/]
SET children[/someValue/base1/another1/file0, /someValue/base1/another1/file3, /someValue/base1/another1/file2]
SET children[/someValue/]
SET children[/someValue/base2/, /someValue/base1/, /someValue/base3/, /someValue/base0/, /someValue/base4/]
SET children[/someValue/base1/another2/, /someValue/base1/another3/, /someValue/base1/another0/, /someValue/base1/another4/, /someValue/base1/another1/]
SET children[/someValue/base1/another4/file4, /someValue/base1/another4/file2, /someValue/base1/another4/file3, /someValue/base1/another4/file0]
SET children[/someValue/]
SET children[/someValue/base2/, /someValue/base1/, /someValue/base3/, /someValue/base0/, /someValue/base4/]
SET children[/someValue/base0/another2/, /someValue/base0/another3/, /someValue/base0/another1/, /someValue/base0/another4/, /someValue/base0/another0/]
SET children[/someValue/base0/another4/file1, /someValue/base0/another4/file4]
SET children[/someValue/]
SET children[/someValue/base2/, /someValue/base1/, /someValue/base3/, /someValue/base0/, /someValue/base4/]
SET children[/someValue/base4/another3/, /someValue/base4/another1/, /someValue/base4/another4/, /someValue/base4/another0/, /someValue/base4/another2/]
SET children[/someValue/base4/another1/file0, /someValue/base4/another1/file1, /someValue/base4/another1/file2, /someValue/base4/another1/file4]
SET children[/someValue/]
SET children[/someValue/base2/, /someValue/base1/, /someValue/base3/, /someValue/base0/, /someValue/base4/]
SET children[/someValue/base0/another2/, /someValue/base0/another3/, /someValue/base0/another1/, /someValue/base0/another4/, /someValue/base0/another0/]
SET children[/someValue/base0/another0/file4, /someValue/base0/another0/file3, /someValue/base0/another0/file1]
SET children[/someValue/]
SET children[/someValue/base2/, /someValue/base1/, /someValue/base3/, /someValue/base0/, /someValue/base4/]
SET children[/someValue/base3/another3/, /someValue/base3/another0/, /someValue/base3/another2/, /someValue/base3/another4/, /someValue/base3/another1/]
SET children[/someValue/base3/another2/file1, /someValue/base3/another2/file0, /someValue/base3/another2/file2, /someValue/base3/another2/file4]
SET children[/someValue/]
SET children[/someValue/base2/, /someValue/base1/, /someValue/base3/, /someValue/base0/, /someValue/base4/]
SET children[/someValue/base3/another3/, /someValue/base3/another0/, /someValue/base3/another2/, /someValue/base3/another4/, /someValue/base3/another1/]
SET children[/someValue/base3/another1/file2, /someValue/base3/another1/file4, /someValue/base3/another1/file0]
SET children[/someValue/]
SET children[/someValue/base2/, /someValue/base1/, /someValue/base3/, /someValue/base0/, /someValue/base4/]
SET children[/someValue/base1/another2/, /someValue/base1/another3/, /someValue/base1/another0/, /someValue/base1/another4/, /someValue/base1/another1/]
SET children[/someValue/base1/another1/file0, /someValue/base1/another1/file3, /someValue/base1/another1/file2, /someValue/base1/another1/file4]
SET children[/someValue/]
SET children[/someValue/base2/, /someValue/base1/, /someValue/base3/, /someValue/base0/, /someValue/base4/]
SET children[/someValue/base0/another2/, /someValue/base0/another3/, /someValue/base0/another1/, /someValue/base0/another4/, /someValue/base0/another0/]
SET children[/someValue/base0/another4/file1, /someValue/base0/another4/file4, /someValue/base0/another4/file3]
SET children[/someValue/]
SET children[/someValue/base2/, /someValue/base1/, /someValue/base3/, /someValue/base0/, /someValue/base4/]
SET children[/someValue/base4/another3/, /someValue/base4/another1/, /someValue/base4/another4/, /someValue/base4/another0/, /someValue/base4/another2/]
SET children[/someValue/base4/another0/file2, /someValue/base4/another0/file4, /someValue/base4/another0/file0, /someValue/base4/another0/file1]
SET children[/someValue/]
SET children[/someValue/base2/, /someValue/base1/, /someValue/base3/, /someValue/base0/, /someValue/base4/]
SET children[/someValue/base3/another3/, /someValue/base3/another0/, /someValue/base3/another2/, /someValue/base3/another4/, /someValue/base3/another1/]
SET children[/someValue/base3/another1/file2, /someValue/base3/another1/file4, /someValue/base3/another1/file0, /someValue/base3/another1/file1]
SET children[/someValue/]
SET children[/someValue/base2/, /someValue/base1/, /someValue/base3/, /someValue/base0/, /someValue/base4/]
SET children[/someValue/base1/another2/, /someValue/base1/another3/, /someValue/base1/another0/, /someValue/base1/another4/, /someValue/base1/another1/]
SET children[/someValue/base1/another2/file3, /someValue/base1/another2/file4, /someValue/base1/another2/file0, /someValue/base1/another2/file2]
SET children[/someValue/]
SET children[/someValue/base2/, /someValue/base1/, /someValue/base3/, /someValue/base0/, /someValue/base4/]
SET children[/someValue/base4/another3/, /someValue/base4/another1/, /someValue/base4/another4/, /someValue/base4/another0/, /someValue/base4/another2/]
SET children[/someValue/base4/another4/file4, /someValue/base4/another4/file1, /someValue/base4/another4/file3, /someValue/base4/another4/file2]
SET children[/someValue/]
SET children[/someValue/base2/, /someValue/base1/, /someValue/base3/, /someValue/base0/, /someValue/base4/]
SET children[/someValue/base0/another2/, /someValue/base0/another3/, /someValue/base0/another1/, /someValue/base0/another4/, /someValue/base0/another0/]
SET children[/someValue/base0/another4/file1, /someValue/base0/another4/file4, /someValue/base0/another4/file3, /someValue/base0/another4/file2]
SET children[/someValue/]
SET children[/someValue/base2/, /someValue/base1/, /someValue/base3/, /someValue/base0/, /someValue/base4/]
SET children[/someValue/base0/another2/, /someValue/base0/another3/, /someValue/base0/another1/, /someValue/base0/another4/, /someValue/base0/another0/]
SET children[/someValue/base0/another0/file4, /someValue/base0/another0/file3, /someValue/base0/another0/file1, /someValue/base0/another0/file2]
SET children[/someValue/]
SET children[/someValue/base2/, /someValue/base1/, /someValue/base3/, /someValue/base0/, /someValue/base4/]
SET children[/someValue/base4/another3/, /someValue/base4/another1/, /someValue/base4/another4/, /someValue/base4/another0/, /someValue/base4/another2/]
SET children[/someValue/base4/another2/file0, /someValue/base4/another2/file3, /someValue/base4/another2/file2, /someValue/base4/another2/file4]
]]></system-out>
  </testcase>
  <testcase name="testDeleteRemovesFromDirectory" classname="edu.gmu.cs475.Part1FunctionalTests" time="4.933">
    <failure message="Expected to find all of the file keys deleted, but didn&apos;t. Here&apos;s what we found: [/someValue/base1/another3/, /someValue/base0/another2/, /someValue/base2/another2/, /someValue/base0/, /someValue/base0/another4/, /someValue/base2/another0/, /someValue/, /someValue/base3/another3/, /someValue/base4/another0/, /someValue/base3/another1/, /someValue/base4/another4/, /someValue/base4/another2/, /someValue/base4/, /someValue/base0/another0/, /someValue/base2/, /someValue/base2/another4/, /someValue/base1/another1/, /someValue/base1/another4/, /someValue/base1/, /someValue/base2/another3/, /someValue/base0/another3/, /someValue/base2/another1/, /someValue/base4/another1/, /someValue/base3/another4/, /someValue/base3/another2/, /someValue/base3/another0/, /someValue/base4/another3/, /someValue/base3/, /someValue/base0/another1/, /someValue/base1/another0/, /someValue/base1/another2/]" type="java.lang.AssertionError">java.lang.AssertionError: Expected to find all of the file keys deleted, but didn't. Here's what we found: [/someValue/base1/another3/, /someValue/base0/another2/, /someValue/base2/another2/, /someValue/base0/, /someValue/base0/another4/, /someValue/base2/another0/, /someValue/, /someValue/base3/another3/, /someValue/base4/another0/, /someValue/base3/another1/, /someValue/base4/another4/, /someValue/base4/another2/, /someValue/base4/, /someValue/base0/another0/, /someValue/base2/, /someValue/base2/another4/, /someValue/base1/another1/, /someValue/base1/another4/, /someValue/base1/, /someValue/base2/another3/, /someValue/base0/another3/, /someValue/base2/another1/, /someValue/base4/another1/, /someValue/base3/another4/, /someValue/base3/another2/, /someValue/base3/another0/, /someValue/base4/another3/, /someValue/base3/, /someValue/base0/another1/, /someValue/base1/another0/, /someValue/base1/another2/]
	at edu.gmu.cs475.Part1FunctionalTests.testDeleteRemovesFromDirectory(Part1FunctionalTests.java:168)
</failure>
    <system-out><![CDATA[SET children[]
SET children[]
SET children[]
SET children[]
SET children[/someValue/]
SET children[/someValue/base2/]
SET children[]
SET children[]
SET children[/someValue/]
SET children[/someValue/base2/, /someValue/base1/]
SET children[/someValue/base2/another0/]
SET children[]
SET children[/someValue/]
SET children[/someValue/base2/, /someValue/base1/]
SET children[]
SET children[]
SET children[/someValue/]
SET children[/someValue/base2/, /someValue/base1/, /someValue/base3/]
SET children[]
SET children[]
SET children[/someValue/]
SET children[/someValue/base2/, /someValue/base1/, /someValue/base3/, /someValue/base0/]
SET children[/someValue/base0/another2/]
SET children[/someValue/base0/another2/file4]
SET children[/someValue/]
SET children[/someValue/base2/, /someValue/base1/, /someValue/base3/, /someValue/base0/]
SET children[/someValue/base2/another0/, /someValue/base2/another2/]
SET children[]
SET children[/someValue/]
SET children[/someValue/base2/, /someValue/base1/, /someValue/base3/, /someValue/base0/]
SET children[]
SET children[]
SET children[/someValue/]
SET children[/someValue/base2/, /someValue/base1/, /someValue/base3/, /someValue/base0/, /someValue/base4/]
SET children[/someValue/base2/another0/, /someValue/base2/another2/, /someValue/base2/another3/]
SET children[/someValue/base2/another3/file4]
SET children[/someValue/]
SET children[/someValue/base2/, /someValue/base1/, /someValue/base3/, /someValue/base0/, /someValue/base4/]
SET children[/someValue/base4/another3/]
SET children[]
SET children[/someValue/]
SET children[/someValue/base2/, /someValue/base1/, /someValue/base3/, /someValue/base0/, /someValue/base4/]
SET children[/someValue/base1/another2/]
SET children[]
SET children[/someValue/]
SET children[/someValue/base2/, /someValue/base1/, /someValue/base3/, /someValue/base0/, /someValue/base4/]
SET children[/someValue/base2/another0/, /someValue/base2/another2/, /someValue/base2/another3/]
SET children[]
SET children[/someValue/]
SET children[/someValue/base2/, /someValue/base1/, /someValue/base3/, /someValue/base0/, /someValue/base4/]
SET children[/someValue/base3/another3/]
SET children[]
SET children[/someValue/]
SET children[/someValue/base2/, /someValue/base1/, /someValue/base3/, /someValue/base0/, /someValue/base4/]
SET children[/someValue/base2/another0/, /someValue/base2/another2/, /someValue/base2/another3/, /someValue/base2/another4/]
SET children[/someValue/base2/another0/file0]
SET children[/someValue/]
SET children[/someValue/base2/, /someValue/base1/, /someValue/base3/, /someValue/base0/, /someValue/base4/]
SET children[/someValue/base3/another3/, /someValue/base3/another0/]
SET children[]
SET children[/someValue/]
SET children[/someValue/base2/, /someValue/base1/, /someValue/base3/, /someValue/base0/, /someValue/base4/]
SET children[/someValue/base3/another3/, /someValue/base3/another0/, /someValue/base3/another2/]
SET children[/someValue/base3/another3/file3]
SET children[/someValue/]
SET children[/someValue/base2/, /someValue/base1/, /someValue/base3/, /someValue/base0/, /someValue/base4/]
SET children[/someValue/base3/another3/, /someValue/base3/another0/, /someValue/base3/another2/]
SET children[]
SET children[/someValue/]
SET children[/someValue/base2/, /someValue/base1/, /someValue/base3/, /someValue/base0/, /someValue/base4/]
SET children[/someValue/base3/another3/, /someValue/base3/another0/, /someValue/base3/another2/, /someValue/base3/another4/]
SET children[/someValue/base3/another2/file1]
SET children[/someValue/]
SET children[/someValue/base2/, /someValue/base1/, /someValue/base3/, /someValue/base0/, /someValue/base4/]
SET children[/someValue/base0/another2/]
SET children[]
SET children[/someValue/]
SET children[/someValue/base2/, /someValue/base1/, /someValue/base3/, /someValue/base0/, /someValue/base4/]
SET children[/someValue/base2/another0/, /someValue/base2/another2/, /someValue/base2/another3/, /someValue/base2/another4/]
SET children[/someValue/base2/another2/file3]
SET children[/someValue/]
SET children[/someValue/base2/, /someValue/base1/, /someValue/base3/, /someValue/base0/, /someValue/base4/]
SET children[/someValue/base4/another3/, /someValue/base4/another1/]
SET children[]
SET children[/someValue/]
SET children[/someValue/base2/, /someValue/base1/, /someValue/base3/, /someValue/base0/, /someValue/base4/]
SET children[/someValue/base3/another3/, /someValue/base3/another0/, /someValue/base3/another2/, /someValue/base3/another4/]
SET children[/someValue/base3/another2/file1, /someValue/base3/another2/file0]
SET children[/someValue/]
SET children[/someValue/base2/, /someValue/base1/, /someValue/base3/, /someValue/base0/, /someValue/base4/]
SET children[/someValue/base4/another3/, /someValue/base4/another1/, /someValue/base4/another4/]
SET children[]
SET children[/someValue/]
SET children[/someValue/base2/, /someValue/base1/, /someValue/base3/, /someValue/base0/, /someValue/base4/]
SET children[/someValue/base1/another2/, /someValue/base1/another3/]
SET children[]
SET children[/someValue/]
SET children[/someValue/base2/, /someValue/base1/, /someValue/base3/, /someValue/base0/, /someValue/base4/]
SET children[/someValue/base1/another2/, /someValue/base1/another3/, /someValue/base1/another0/]
SET children[]
SET children[/someValue/]
SET children[/someValue/base2/, /someValue/base1/, /someValue/base3/, /someValue/base0/, /someValue/base4/]
SET children[/someValue/base4/another3/, /someValue/base4/another1/, /someValue/base4/another4/, /someValue/base4/another0/]
SET children[]
SET children[/someValue/]
SET children[/someValue/base2/, /someValue/base1/, /someValue/base3/, /someValue/base0/, /someValue/base4/]
SET children[/someValue/base1/another2/, /someValue/base1/another3/, /someValue/base1/another0/, /someValue/base1/another4/]
SET children[/someValue/base1/another0/file4]
SET children[/someValue/]
SET children[/someValue/base2/, /someValue/base1/, /someValue/base3/, /someValue/base0/, /someValue/base4/]
SET children[/someValue/base3/another3/, /someValue/base3/another0/, /someValue/base3/another2/, /someValue/base3/another4/]
SET children[/someValue/base3/another4/file4]
SET children[/someValue/]
SET children[/someValue/base2/, /someValue/base1/, /someValue/base3/, /someValue/base0/, /someValue/base4/]
SET children[/someValue/base4/another3/, /someValue/base4/another1/, /someValue/base4/another4/, /someValue/base4/another0/, /someValue/base4/another2/]
SET children[/someValue/base4/another3/file1]
SET children[/someValue/]
SET children[/someValue/base2/, /someValue/base1/, /someValue/base3/, /someValue/base0/, /someValue/base4/]
SET children[/someValue/base1/another2/, /someValue/base1/another3/, /someValue/base1/another0/, /someValue/base1/another4/]
SET children[/someValue/base1/another2/file3]
SET children[/someValue/]
SET children[/someValue/base2/, /someValue/base1/, /someValue/base3/, /someValue/base0/, /someValue/base4/]
SET children[/someValue/base1/another2/, /someValue/base1/another3/, /someValue/base1/another0/, /someValue/base1/another4/]
SET children[/someValue/base1/another0/file4, /someValue/base1/another0/file1]
SET children[/someValue/]
SET children[/someValue/base2/, /someValue/base1/, /someValue/base3/, /someValue/base0/, /someValue/base4/]
SET children[/someValue/base0/another2/, /someValue/base0/another3/]
SET children[/someValue/base0/another3/file0]
SET children[/someValue/]
SET children[/someValue/base2/, /someValue/base1/, /someValue/base3/, /someValue/base0/, /someValue/base4/]
SET children[/someValue/base3/another3/, /someValue/base3/another0/, /someValue/base3/another2/, /someValue/base3/another4/]
SET children[/someValue/base3/another3/file3, /someValue/base3/another3/file0]
SET children[/someValue/]
SET children[/someValue/base2/, /someValue/base1/, /someValue/base3/, /someValue/base0/, /someValue/base4/]
SET children[/someValue/base2/another0/, /someValue/base2/another2/, /someValue/base2/another3/, /someValue/base2/another4/]
SET children[/someValue/base2/another4/file3]
SET children[/someValue/]
SET children[/someValue/base2/, /someValue/base1/, /someValue/base3/, /someValue/base0/, /someValue/base4/]
SET children[/someValue/base2/another0/, /someValue/base2/another2/, /someValue/base2/another3/, /someValue/base2/another4/]
SET children[]
SET children[/someValue/]
SET children[/someValue/base2/, /someValue/base1/, /someValue/base3/, /someValue/base0/, /someValue/base4/]
SET children[/someValue/base4/another3/, /someValue/base4/another1/, /someValue/base4/another4/, /someValue/base4/another0/, /someValue/base4/another2/]
SET children[/someValue/base4/another4/file4]
SET children[/someValue/]
SET children[/someValue/base2/, /someValue/base1/, /someValue/base3/, /someValue/base0/, /someValue/base4/]
SET children[/someValue/base0/another2/, /someValue/base0/another3/]
SET children[/someValue/base0/another2/file4, /someValue/base0/another2/file3]
SET children[/someValue/]
SET children[/someValue/base2/, /someValue/base1/, /someValue/base3/, /someValue/base0/, /someValue/base4/]
SET children[/someValue/base2/another0/, /someValue/base2/another2/, /someValue/base2/another3/, /someValue/base2/another4/, /someValue/base2/another1/]
SET children[/someValue/base2/another1/file0]
SET children[/someValue/]
SET children[/someValue/base2/, /someValue/base1/, /someValue/base3/, /someValue/base0/, /someValue/base4/]
SET children[/someValue/base2/another0/, /someValue/base2/another2/, /someValue/base2/another3/, /someValue/base2/another4/, /someValue/base2/another1/]
SET children[/someValue/base2/another2/file3, /someValue/base2/another2/file2]
SET children[/someValue/]
SET children[/someValue/base2/, /someValue/base1/, /someValue/base3/, /someValue/base0/, /someValue/base4/]
SET children[/someValue/base1/another2/, /someValue/base1/another3/, /someValue/base1/another0/, /someValue/base1/another4/]
SET children[/someValue/base1/another0/file4, /someValue/base1/another0/file1, /someValue/base1/another0/file3]
SET children[/someValue/]
SET children[/someValue/base2/, /someValue/base1/, /someValue/base3/, /someValue/base0/, /someValue/base4/]
SET children[/someValue/base0/another2/, /someValue/base0/another3/]
SET children[]
SET children[/someValue/]
SET children[/someValue/base2/, /someValue/base1/, /someValue/base3/, /someValue/base0/, /someValue/base4/]
SET children[/someValue/base3/another3/, /someValue/base3/another0/, /someValue/base3/another2/, /someValue/base3/another4/]
SET children[/someValue/base3/another4/file4, /someValue/base3/another4/file3]
SET children[/someValue/]
SET children[/someValue/base2/, /someValue/base1/, /someValue/base3/, /someValue/base0/, /someValue/base4/]
SET children[/someValue/base4/another3/, /someValue/base4/another1/, /someValue/base4/another4/, /someValue/base4/another0/, /someValue/base4/another2/]
SET children[/someValue/base4/another1/file0]
SET children[/someValue/]
SET children[/someValue/base2/, /someValue/base1/, /someValue/base3/, /someValue/base0/, /someValue/base4/]
SET children[/someValue/base1/another2/, /someValue/base1/another3/, /someValue/base1/another0/, /someValue/base1/another4/]
SET children[/someValue/base1/another4/file4]
SET children[/someValue/]
SET children[/someValue/base2/, /someValue/base1/, /someValue/base3/, /someValue/base0/, /someValue/base4/]
SET children[/someValue/base0/another2/, /someValue/base0/another3/, /someValue/base0/another1/]
SET children[/someValue/base0/another3/file0, /someValue/base0/another3/file3]
SET children[/someValue/]
SET children[/someValue/base2/, /someValue/base1/, /someValue/base3/, /someValue/base0/, /someValue/base4/]
SET children[/someValue/base0/another2/, /someValue/base0/another3/, /someValue/base0/another1/]
SET children[/someValue/base0/another1/file3]
SET children[/someValue/]
SET children[/someValue/base2/, /someValue/base1/, /someValue/base3/, /someValue/base0/, /someValue/base4/]
SET children[/someValue/base1/another2/, /someValue/base1/another3/, /someValue/base1/another0/, /someValue/base1/another4/]
SET children[]
SET children[/someValue/]
SET children[/someValue/base2/, /someValue/base1/, /someValue/base3/, /someValue/base0/, /someValue/base4/]
SET children[/someValue/base4/another3/, /someValue/base4/another1/, /someValue/base4/another4/, /someValue/base4/another0/, /someValue/base4/another2/]
SET children[/someValue/base4/another4/file4, /someValue/base4/another4/file1]
SET children[/someValue/]
SET children[/someValue/base2/, /someValue/base1/, /someValue/base3/, /someValue/base0/, /someValue/base4/]
SET children[/someValue/base4/another3/, /someValue/base4/another1/, /someValue/base4/another4/, /someValue/base4/another0/, /someValue/base4/another2/]
SET children[/someValue/base4/another2/file0]
SET children[/someValue/]
SET children[/someValue/base2/, /someValue/base1/, /someValue/base3/, /someValue/base0/, /someValue/base4/]
SET children[/someValue/base1/another2/, /someValue/base1/another3/, /someValue/base1/another0/, /someValue/base1/another4/, /someValue/base1/another1/]
SET children[/someValue/base1/another3/file4]
SET children[/someValue/]
SET children[/someValue/base2/, /someValue/base1/, /someValue/base3/, /someValue/base0/, /someValue/base4/]
SET children[/someValue/base4/another3/, /someValue/base4/another1/, /someValue/base4/another4/, /someValue/base4/another0/, /someValue/base4/another2/]
SET children[/someValue/base4/another3/file1, /someValue/base4/another3/file0]
SET children[/someValue/]
SET children[/someValue/base2/, /someValue/base1/, /someValue/base3/, /someValue/base0/, /someValue/base4/]
SET children[/someValue/base0/another2/, /someValue/base0/another3/, /someValue/base0/another1/]
SET children[]
SET children[/someValue/]
SET children[/someValue/base2/, /someValue/base1/, /someValue/base3/, /someValue/base0/, /someValue/base4/]
SET children[/someValue/base4/another3/, /someValue/base4/another1/, /someValue/base4/another4/, /someValue/base4/another0/, /someValue/base4/another2/]
SET children[/someValue/base4/another0/file2]
SET children[/someValue/]
SET children[/someValue/base2/, /someValue/base1/, /someValue/base3/, /someValue/base0/, /someValue/base4/]
SET children[/someValue/base4/another3/, /someValue/base4/another1/, /someValue/base4/another4/, /someValue/base4/another0/, /someValue/base4/another2/]
SET children[/someValue/base4/another2/file0, /someValue/base4/another2/file3]
SET children[/someValue/]
SET children[/someValue/base2/, /someValue/base1/, /someValue/base3/, /someValue/base0/, /someValue/base4/]
SET children[/someValue/base1/another2/, /someValue/base1/another3/, /someValue/base1/another0/, /someValue/base1/another4/, /someValue/base1/another1/]
SET children[/someValue/base1/another3/file4, /someValue/base1/another3/file1]
SET children[/someValue/]
SET children[/someValue/base2/, /someValue/base1/, /someValue/base3/, /someValue/base0/, /someValue/base4/]
SET children[/someValue/base0/another2/, /someValue/base0/another3/, /someValue/base0/another1/, /someValue/base0/another4/]
SET children[/someValue/base0/another3/file0, /someValue/base0/another3/file3, /someValue/base0/another3/file1]
SET children[/someValue/]
SET children[/someValue/base2/, /someValue/base1/, /someValue/base3/, /someValue/base0/, /someValue/base4/]
SET children[/someValue/base3/another3/, /someValue/base3/another0/, /someValue/base3/another2/, /someValue/base3/another4/]
SET children[/someValue/base3/another2/file1, /someValue/base3/another2/file0, /someValue/base3/another2/file2]
SET children[/someValue/]
SET children[/someValue/base2/, /someValue/base1/, /someValue/base3/, /someValue/base0/, /someValue/base4/]
SET children[/someValue/base0/another2/, /someValue/base0/another3/, /someValue/base0/another1/, /someValue/base0/another4/]
SET children[/someValue/base0/another2/file4, /someValue/base0/another2/file3, /someValue/base0/another2/file2]
SET children[/someValue/]
SET children[/someValue/base2/, /someValue/base1/, /someValue/base3/, /someValue/base0/, /someValue/base4/]
SET children[/someValue/base3/another3/, /someValue/base3/another0/, /someValue/base3/another2/, /someValue/base3/another4/]
SET children[/someValue/base3/another4/file4, /someValue/base3/another4/file3, /someValue/base3/another4/file2]
SET children[/someValue/]
SET children[/someValue/base2/, /someValue/base1/, /someValue/base3/, /someValue/base0/, /someValue/base4/]
SET children[/someValue/base0/another2/, /someValue/base0/another3/, /someValue/base0/another1/, /someValue/base0/another4/]
SET children[/someValue/base0/another1/file3, /someValue/base0/another1/file2]
SET children[/someValue/]
SET children[/someValue/base2/, /someValue/base1/, /someValue/base3/, /someValue/base0/, /someValue/base4/]
SET children[/someValue/base4/another3/, /someValue/base4/another1/, /someValue/base4/another4/, /someValue/base4/another0/, /someValue/base4/another2/]
SET children[/someValue/base4/another4/file4, /someValue/base4/another4/file1, /someValue/base4/another4/file3]
SET children[/someValue/]
SET children[/someValue/base2/, /someValue/base1/, /someValue/base3/, /someValue/base0/, /someValue/base4/]
SET children[/someValue/base1/another2/, /someValue/base1/another3/, /someValue/base1/another0/, /someValue/base1/another4/, /someValue/base1/another1/]
SET children[/someValue/base1/another4/file4, /someValue/base1/another4/file2]
SET children[/someValue/]
SET children[/someValue/base2/, /someValue/base1/, /someValue/base3/, /someValue/base0/, /someValue/base4/]
SET children[/someValue/base0/another2/, /someValue/base0/another3/, /someValue/base0/another1/, /someValue/base0/another4/]
SET children[/someValue/base0/another1/file3, /someValue/base0/another1/file2, /someValue/base0/another1/file1]
SET children[/someValue/]
SET children[/someValue/base2/, /someValue/base1/, /someValue/base3/, /someValue/base0/, /someValue/base4/]
SET children[/someValue/base0/another2/, /someValue/base0/another3/, /someValue/base0/another1/, /someValue/base0/another4/]
SET children[]
SET children[/someValue/]
SET children[/someValue/base2/, /someValue/base1/, /someValue/base3/, /someValue/base0/, /someValue/base4/]
SET children[/someValue/base3/another3/, /someValue/base3/another0/, /someValue/base3/another2/, /someValue/base3/another4/]
SET children[/someValue/base3/another0/file1]
SET children[/someValue/]
SET children[/someValue/base2/, /someValue/base1/, /someValue/base3/, /someValue/base0/, /someValue/base4/]
SET children[/someValue/base4/another3/, /someValue/base4/another1/, /someValue/base4/another4/, /someValue/base4/another0/, /someValue/base4/another2/]
SET children[/someValue/base4/another2/file0, /someValue/base4/another2/file3, /someValue/base4/another2/file2]
SET children[/someValue/]
SET children[/someValue/base2/, /someValue/base1/, /someValue/base3/, /someValue/base0/, /someValue/base4/]
SET children[/someValue/base3/another3/, /someValue/base3/another0/, /someValue/base3/another2/, /someValue/base3/another4/]
SET children[/someValue/base3/another0/file1, /someValue/base3/another0/file0]
SET children[/someValue/]
SET children[/someValue/base2/, /someValue/base1/, /someValue/base3/, /someValue/base0/, /someValue/base4/]
SET children[/someValue/base4/another3/, /someValue/base4/another1/, /someValue/base4/another4/, /someValue/base4/another0/, /someValue/base4/another2/]
SET children[/someValue/base4/another3/file1, /someValue/base4/another3/file0, /someValue/base4/another3/file4]
SET children[/someValue/]
SET children[/someValue/base2/, /someValue/base1/, /someValue/base3/, /someValue/base0/, /someValue/base4/]
SET children[/someValue/base3/another3/, /someValue/base3/another0/, /someValue/base3/another2/, /someValue/base3/another4/]
SET children[]
SET children[/someValue/]
SET children[/someValue/base2/, /someValue/base1/, /someValue/base3/, /someValue/base0/, /someValue/base4/]
SET children[/someValue/base0/another2/, /someValue/base0/another3/, /someValue/base0/another1/, /someValue/base0/another4/, /someValue/base0/another0/]
SET children[/someValue/base0/another1/file3, /someValue/base0/another1/file2, /someValue/base0/another1/file1, /someValue/base0/another1/file4]
SET children[/someValue/]
SET children[/someValue/base2/, /someValue/base1/, /someValue/base3/, /someValue/base0/, /someValue/base4/]
SET children[/someValue/base2/another0/, /someValue/base2/another2/, /someValue/base2/another3/, /someValue/base2/another4/, /someValue/base2/another1/]
SET children[/someValue/base2/another3/file4, /someValue/base2/another3/file1]
SET children[/someValue/]
SET children[/someValue/base2/, /someValue/base1/, /someValue/base3/, /someValue/base0/, /someValue/base4/]
SET children[/someValue/base1/another2/, /someValue/base1/another3/, /someValue/base1/another0/, /someValue/base1/another4/, /someValue/base1/another1/]
SET children[/someValue/base1/another1/file0]
SET children[/someValue/]
SET children[/someValue/base2/, /someValue/base1/, /someValue/base3/, /someValue/base0/, /someValue/base4/]
SET children[/someValue/base3/another3/, /someValue/base3/another0/, /someValue/base3/another2/, /someValue/base3/another4/, /someValue/base3/another1/]
SET children[/someValue/base3/another4/file4, /someValue/base3/another4/file3, /someValue/base3/another4/file2, /someValue/base3/another4/file1]
SET children[/someValue/]
SET children[/someValue/base2/, /someValue/base1/, /someValue/base3/, /someValue/base0/, /someValue/base4/]
SET children[/someValue/base1/another2/, /someValue/base1/another3/, /someValue/base1/another0/, /someValue/base1/another4/, /someValue/base1/another1/]
SET children[/someValue/base1/another0/file4, /someValue/base1/another0/file1, /someValue/base1/another0/file3, /someValue/base1/another0/file2]
SET children[/someValue/]
SET children[/someValue/base2/, /someValue/base1/, /someValue/base3/, /someValue/base0/, /someValue/base4/]
SET children[/someValue/base1/another2/, /someValue/base1/another3/, /someValue/base1/another0/, /someValue/base1/another4/, /someValue/base1/another1/]
SET children[/someValue/base1/another1/file0, /someValue/base1/another1/file3]
SET children[/someValue/]
SET children[/someValue/base2/, /someValue/base1/, /someValue/base3/, /someValue/base0/, /someValue/base4/]
SET children[/someValue/base3/another3/, /someValue/base3/another0/, /someValue/base3/another2/, /someValue/base3/another4/, /someValue/base3/another1/]
SET children[/someValue/base3/another3/file3, /someValue/base3/another3/file0, /someValue/base3/another3/file4]
SET children[/someValue/]
SET children[/someValue/base2/, /someValue/base1/, /someValue/base3/, /someValue/base0/, /someValue/base4/]
SET children[/someValue/base3/another3/, /someValue/base3/another0/, /someValue/base3/another2/, /someValue/base3/another4/, /someValue/base3/another1/]
SET children[/someValue/base3/another0/file1, /someValue/base3/another0/file0, /someValue/base3/another0/file3]
SET children[/someValue/]
SET children[/someValue/base2/, /someValue/base1/, /someValue/base3/, /someValue/base0/, /someValue/base4/]
SET children[/someValue/base2/another0/, /someValue/base2/another2/, /someValue/base2/another3/, /someValue/base2/another4/, /someValue/base2/another1/]
SET children[/someValue/base2/another4/file3, /someValue/base2/another4/file4]
SET children[/someValue/]
SET children[/someValue/base2/, /someValue/base1/, /someValue/base3/, /someValue/base0/, /someValue/base4/]
SET children[/someValue/base1/another2/, /someValue/base1/another3/, /someValue/base1/another0/, /someValue/base1/another4/, /someValue/base1/another1/]
SET children[/someValue/base1/another4/file4, /someValue/base1/another4/file2, /someValue/base1/another4/file3]
SET children[/someValue/]
SET children[/someValue/base2/, /someValue/base1/, /someValue/base3/, /someValue/base0/, /someValue/base4/]
SET children[/someValue/base2/another0/, /someValue/base2/another2/, /someValue/base2/another3/, /someValue/base2/another4/, /someValue/base2/another1/]
SET children[/someValue/base2/another0/file0, /someValue/base2/another0/file1]
SET children[/someValue/]
SET children[/someValue/base2/, /someValue/base1/, /someValue/base3/, /someValue/base0/, /someValue/base4/]
SET children[/someValue/base4/another3/, /someValue/base4/another1/, /someValue/base4/another4/, /someValue/base4/another0/, /someValue/base4/another2/]
SET children[/someValue/base4/another0/file2, /someValue/base4/another0/file4]
SET children[/someValue/]
SET children[/someValue/base2/, /someValue/base1/, /someValue/base3/, /someValue/base0/, /someValue/base4/]
SET children[/someValue/base2/another0/, /someValue/base2/another2/, /someValue/base2/another3/, /someValue/base2/another4/, /someValue/base2/another1/]
SET children[/someValue/base2/another2/file3, /someValue/base2/another2/file2, /someValue/base2/another2/file1]
SET children[/someValue/]
SET children[/someValue/base2/, /someValue/base1/, /someValue/base3/, /someValue/base0/, /someValue/base4/]
SET children[/someValue/base4/another3/, /someValue/base4/another1/, /someValue/base4/another4/, /someValue/base4/another0/, /someValue/base4/another2/]
SET children[/someValue/base4/another1/file0, /someValue/base4/another1/file1]
SET children[/someValue/]
SET children[/someValue/base2/, /someValue/base1/, /someValue/base3/, /someValue/base0/, /someValue/base4/]
SET children[/someValue/base4/another3/, /someValue/base4/another1/, /someValue/base4/another4/, /someValue/base4/another0/, /someValue/base4/another2/]
SET children[/someValue/base4/another3/file1, /someValue/base4/another3/file0, /someValue/base4/another3/file4, /someValue/base4/another3/file3]
SET children[/someValue/]
SET children[/someValue/base2/, /someValue/base1/, /someValue/base3/, /someValue/base0/, /someValue/base4/]
SET children[/someValue/base0/another2/, /someValue/base0/another3/, /someValue/base0/another1/, /someValue/base0/another4/, /someValue/base0/another0/]
SET children[/someValue/base0/another2/file4, /someValue/base0/another2/file3, /someValue/base0/another2/file2, /someValue/base0/another2/file1]
SET children[/someValue/]
SET children[/someValue/base2/, /someValue/base1/, /someValue/base3/, /someValue/base0/, /someValue/base4/]
SET children[/someValue/base3/another3/, /someValue/base3/another0/, /someValue/base3/another2/, /someValue/base3/another4/, /someValue/base3/another1/]
SET children[/someValue/base3/another1/file2]
SET children[/someValue/]
SET children[/someValue/base2/, /someValue/base1/, /someValue/base3/, /someValue/base0/, /someValue/base4/]
SET children[/someValue/base2/another0/, /someValue/base2/another2/, /someValue/base2/another3/, /someValue/base2/another4/, /someValue/base2/another1/]
SET children[/someValue/base2/another4/file3, /someValue/base2/another4/file4, /someValue/base2/another4/file0]
SET children[/someValue/]
SET children[/someValue/base2/, /someValue/base1/, /someValue/base3/, /someValue/base0/, /someValue/base4/]
SET children[/someValue/base0/another2/, /someValue/base0/another3/, /someValue/base0/another1/, /someValue/base0/another4/, /someValue/base0/another0/]
SET children[/someValue/base0/another3/file0, /someValue/base0/another3/file3, /someValue/base0/another3/file1, /someValue/base0/another3/file2]
SET children[/someValue/]
SET children[/someValue/base2/, /someValue/base1/, /someValue/base3/, /someValue/base0/, /someValue/base4/]
SET children[/someValue/base2/another0/, /someValue/base2/another2/, /someValue/base2/another3/, /someValue/base2/another4/, /someValue/base2/another1/]
SET children[/someValue/base2/another1/file0, /someValue/base2/another1/file4]
SET children[/someValue/]
SET children[/someValue/base2/, /someValue/base1/, /someValue/base3/, /someValue/base0/, /someValue/base4/]
SET children[/someValue/base3/another3/, /someValue/base3/another0/, /someValue/base3/another2/, /someValue/base3/another4/, /someValue/base3/another1/]
SET children[/someValue/base3/another0/file1, /someValue/base3/another0/file0, /someValue/base3/another0/file3, /someValue/base3/another0/file2]
SET children[/someValue/]
SET children[/someValue/base2/, /someValue/base1/, /someValue/base3/, /someValue/base0/, /someValue/base4/]
SET children[/someValue/base1/another2/, /someValue/base1/another3/, /someValue/base1/another0/, /someValue/base1/another4/, /someValue/base1/another1/]
SET children[/someValue/base1/another2/file3, /someValue/base1/another2/file4]
SET children[/someValue/]
SET children[/someValue/base2/, /someValue/base1/, /someValue/base3/, /someValue/base0/, /someValue/base4/]
SET children[/someValue/base2/another0/, /someValue/base2/another2/, /someValue/base2/another3/, /someValue/base2/another4/, /someValue/base2/another1/]
SET children[/someValue/base2/another0/file0, /someValue/base2/another0/file1, /someValue/base2/another0/file4]
SET children[/someValue/]
SET children[/someValue/base2/, /someValue/base1/, /someValue/base3/, /someValue/base0/, /someValue/base4/]
SET children[/someValue/base1/another2/, /someValue/base1/another3/, /someValue/base1/another0/, /someValue/base1/another4/, /someValue/base1/another1/]
SET children[/someValue/base1/another3/file4, /someValue/base1/another3/file1, /someValue/base1/another3/file3]
SET children[/someValue/]
SET children[/someValue/base2/, /someValue/base1/, /someValue/base3/, /someValue/base0/, /someValue/base4/]
SET children[/someValue/base1/another2/, /someValue/base1/another3/, /someValue/base1/another0/, /someValue/base1/another4/, /someValue/base1/another1/]
SET children[/someValue/base1/another3/file4, /someValue/base1/another3/file1, /someValue/base1/another3/file3, /someValue/base1/another3/file2]
SET children[/someValue/]
SET children[/someValue/base2/, /someValue/base1/, /someValue/base3/, /someValue/base0/, /someValue/base4/]
SET children[/someValue/base4/another3/, /someValue/base4/another1/, /someValue/base4/another4/, /someValue/base4/another0/, /someValue/base4/another2/]
SET children[/someValue/base4/another1/file0, /someValue/base4/another1/file1, /someValue/base4/another1/file2]
SET children[/someValue/]
SET children[/someValue/base2/, /someValue/base1/, /someValue/base3/, /someValue/base0/, /someValue/base4/]
SET children[/someValue/base3/another3/, /someValue/base3/another0/, /someValue/base3/another2/, /someValue/base3/another4/, /someValue/base3/another1/]
SET children[/someValue/base3/another3/file3, /someValue/base3/another3/file0, /someValue/base3/another3/file4, /someValue/base3/another3/file1]
SET children[/someValue/]
SET children[/someValue/base2/, /someValue/base1/, /someValue/base3/, /someValue/base0/, /someValue/base4/]
SET children[/someValue/base0/another2/, /someValue/base0/another3/, /someValue/base0/another1/, /someValue/base0/another4/, /someValue/base0/another0/]
SET children[/someValue/base0/another0/file4]
SET children[/someValue/]
SET children[/someValue/base2/, /someValue/base1/, /someValue/base3/, /someValue/base0/, /someValue/base4/]
SET children[/someValue/base2/another0/, /someValue/base2/another2/, /someValue/base2/another3/, /someValue/base2/another4/, /someValue/base2/another1/]
SET children[/someValue/base2/another1/file0, /someValue/base2/another1/file4, /someValue/base2/another1/file1]
SET children[/someValue/]
SET children[/someValue/base2/, /someValue/base1/, /someValue/base3/, /someValue/base0/, /someValue/base4/]
SET children[/someValue/base2/another0/, /someValue/base2/another2/, /someValue/base2/another3/, /someValue/base2/another4/, /someValue/base2/another1/]
SET children[/someValue/base2/another0/file0, /someValue/base2/another0/file1, /someValue/base2/another0/file4, /someValue/base2/another0/file3]
SET children[/someValue/]
SET children[/someValue/base2/, /someValue/base1/, /someValue/base3/, /someValue/base0/, /someValue/base4/]
SET children[/someValue/base2/another0/, /someValue/base2/another2/, /someValue/base2/another3/, /someValue/base2/another4/, /someValue/base2/another1/]
SET children[/someValue/base2/another1/file0, /someValue/base2/another1/file4, /someValue/base2/another1/file1, /someValue/base2/another1/file2]
SET children[/someValue/]
SET children[/someValue/base2/, /someValue/base1/, /someValue/base3/, /someValue/base0/, /someValue/base4/]
SET children[/someValue/base2/another0/, /someValue/base2/another2/, /someValue/base2/another3/, /someValue/base2/another4/, /someValue/base2/another1/]
SET children[/someValue/base2/another3/file4, /someValue/base2/another3/file1, /someValue/base2/another3/file2]
SET children[/someValue/]
SET children[/someValue/base2/, /someValue/base1/, /someValue/base3/, /someValue/base0/, /someValue/base4/]
SET children[/someValue/base1/another2/, /someValue/base1/another3/, /someValue/base1/another0/, /someValue/base1/another4/, /someValue/base1/another1/]
SET children[/someValue/base1/another2/file3, /someValue/base1/another2/file4, /someValue/base1/another2/file0]
SET children[/someValue/]
SET children[/someValue/base2/, /someValue/base1/, /someValue/base3/, /someValue/base0/, /someValue/base4/]
SET children[/someValue/base0/another2/, /someValue/base0/another3/, /someValue/base0/another1/, /someValue/base0/another4/, /someValue/base0/another0/]
[...]
SET children[/someValue/]
SET children[/someValue/base3/, /someValue/base0/, /someValue/base1/, /someValue/base4/, /someValue/base2/]
SET children[/someValue/base4/another1/, /someValue/base4/another3/, /someValue/base4/another0/, /someValue/base4/another4/, /someValue/base4/another2/]
SET children[/someValue/base4/another4/file0, /someValue/base4/another4/file1, /someValue/base4/another4/file2]
SET children[/someValue/]
SET children[/someValue/base3/, /someValue/base0/, /someValue/base1/, /someValue/base4/, /someValue/base2/]
SET children[/someValue/base1/another0/, /someValue/base1/another2/, /someValue/base1/another3/, /someValue/base1/another4/, /someValue/base1/another1/]
SET children[/someValue/base1/another3/file1, /someValue/base1/another3/file2, /someValue/base1/another3/file4]
SET children[/someValue/]
SET children[/someValue/base3/, /someValue/base0/, /someValue/base1/, /someValue/base4/, /someValue/base2/]
SET children[/someValue/base1/another0/, /someValue/base1/another2/, /someValue/base1/another3/, /someValue/base1/another4/, /someValue/base1/another1/]
SET children[/someValue/base1/another0/file1, /someValue/base1/another0/file2, /someValue/base1/another0/file4, /someValue/base1/another0/file0]
SET children[/someValue/]
SET children[/someValue/base3/, /someValue/base0/, /someValue/base1/, /someValue/base4/, /someValue/base2/]
SET children[/someValue/base4/another1/, /someValue/base4/another3/, /someValue/base4/another0/, /someValue/base4/another4/, /someValue/base4/another2/]
SET children[/someValue/base4/another0/file3, /someValue/base4/another0/file1, /someValue/base4/another0/file4, /someValue/base4/another0/file0]
SET children[/someValue/]
SET children[/someValue/base3/, /someValue/base0/, /someValue/base1/, /someValue/base4/, /someValue/base2/]
SET children[/someValue/base0/another3/, /someValue/base0/another2/, /someValue/base0/another4/, /someValue/base0/another0/, /someValue/base0/another1/]
SET children[/someValue/base0/another1/file4, /someValue/base0/another1/file3, /someValue/base0/another1/file2]
SET children[/someValue/]
SET children[/someValue/base3/, /someValue/base0/, /someValue/base1/, /someValue/base4/, /someValue/base2/]
SET children[/someValue/base2/another2/, /someValue/base2/another0/, /someValue/base2/another1/, /someValue/base2/another4/, /someValue/base2/another3/]
SET children[/someValue/base2/another0/file1, /someValue/base2/another0/file2, /someValue/base2/another0/file4, /someValue/base2/another0/file0]
SET children[/someValue/]
SET children[/someValue/base3/, /someValue/base0/, /someValue/base1/, /someValue/base4/, /someValue/base2/]
SET children[/someValue/base2/another2/, /someValue/base2/another0/, /someValue/base2/another1/, /someValue/base2/another4/, /someValue/base2/another3/]
SET children[/someValue/base2/another4/file3, /someValue/base2/another4/file0]
SET children[/someValue/]
SET children[/someValue/base3/, /someValue/base0/, /someValue/base1/, /someValue/base4/, /someValue/base2/]
SET children[/someValue/base2/another2/, /someValue/base2/another0/, /someValue/base2/another1/, /someValue/base2/another4/, /someValue/base2/another3/]
SET children[/someValue/base2/another4/file3, /someValue/base2/another4/file0, /someValue/base2/another4/file4]
SET children[/someValue/]
SET children[/someValue/base3/, /someValue/base0/, /someValue/base1/, /someValue/base4/, /someValue/base2/]
SET children[/someValue/base1/another0/, /someValue/base1/another2/, /someValue/base1/another3/, /someValue/base1/another4/, /someValue/base1/another1/]
SET children[/someValue/base1/another1/file0]
SET children[/someValue/]
SET children[/someValue/base3/, /someValue/base0/, /someValue/base1/, /someValue/base4/, /someValue/base2/]
SET children[/someValue/base0/another3/, /someValue/base0/another2/, /someValue/base0/another4/, /someValue/base0/another0/, /someValue/base0/another1/]
SET children[/someValue/base0/another3/file2, /someValue/base0/another3/file4, /someValue/base0/another3/file1, /someValue/base0/another3/file3]
SET children[/someValue/]
SET children[/someValue/base3/, /someValue/base0/, /someValue/base1/, /someValue/base4/, /someValue/base2/]
SET children[/someValue/base4/another1/, /someValue/base4/another3/, /someValue/base4/another0/, /someValue/base4/another4/, /someValue/base4/another2/]
SET children[/someValue/base4/another2/file0, /someValue/base4/another2/file3]
SET children[/someValue/]
SET children[/someValue/base3/, /someValue/base0/, /someValue/base1/, /someValue/base4/, /someValue/base2/]
SET children[/someValue/base2/another2/, /someValue/base2/another0/, /someValue/base2/another1/, /someValue/base2/another4/, /someValue/base2/another3/]
SET children[/someValue/base2/another2/file4, /someValue/base2/another2/file1]
SET children[/someValue/]
SET children[/someValue/base3/, /someValue/base0/, /someValue/base1/, /someValue/base4/, /someValue/base2/]
SET children[/someValue/base3/another0/, /someValue/base3/another4/, /someValue/base3/another1/, /someValue/base3/another2/, /someValue/base3/another3/]
SET children[/someValue/base3/another1/file4, /someValue/base3/another1/file2, /someValue/base3/another1/file3]
SET children[/someValue/]
SET children[/someValue/base3/, /someValue/base0/, /someValue/base1/, /someValue/base4/, /someValue/base2/]
SET children[/someValue/base4/another1/, /someValue/base4/another3/, /someValue/base4/another0/, /someValue/base4/another4/, /someValue/base4/another2/]
SET children[/someValue/base4/another3/file4, /someValue/base4/another3/file2, /someValue/base4/another3/file0]
SET children[/someValue/]
SET children[/someValue/base3/, /someValue/base0/, /someValue/base1/, /someValue/base4/, /someValue/base2/]
SET children[/someValue/base3/another0/, /someValue/base3/another4/, /someValue/base3/another1/, /someValue/base3/another2/, /someValue/base3/another3/]
SET children[/someValue/base3/another0/file4, /someValue/base3/another0/file3, /someValue/base3/another0/file2]
SET children[/someValue/]
SET children[/someValue/base3/, /someValue/base0/, /someValue/base1/, /someValue/base4/, /someValue/base2/]
SET children[/someValue/base1/another0/, /someValue/base1/another2/, /someValue/base1/another3/, /someValue/base1/another4/, /someValue/base1/another1/]
SET children[/someValue/base1/another4/file0]
SET children[/someValue/]
SET children[/someValue/base3/, /someValue/base0/, /someValue/base1/, /someValue/base4/, /someValue/base2/]
SET children[/someValue/base2/another2/, /someValue/base2/another0/, /someValue/base2/another1/, /someValue/base2/another4/, /someValue/base2/another3/]
SET children[/someValue/base2/another3/file1]
SET children[/someValue/]
SET children[/someValue/base3/, /someValue/base0/, /someValue/base1/, /someValue/base4/, /someValue/base2/]
SET children[/someValue/base2/another2/, /someValue/base2/another0/, /someValue/base2/another1/, /someValue/base2/another4/, /someValue/base2/another3/]
SET children[/someValue/base2/another4/file3, /someValue/base2/another4/file0, /someValue/base2/another4/file4, /someValue/base2/another4/file1]
SET children[/someValue/]
SET children[/someValue/base3/, /someValue/base0/, /someValue/base1/, /someValue/base4/, /someValue/base2/]
SET children[/someValue/base0/another3/, /someValue/base0/another2/, /someValue/base0/another4/, /someValue/base0/another0/, /someValue/base0/another1/]
SET children[/someValue/base0/another4/file0, /someValue/base0/another4/file2, /someValue/base0/another4/file3]
SET children[/someValue/]
SET children[/someValue/base3/, /someValue/base0/, /someValue/base1/, /someValue/base4/, /someValue/base2/]
SET children[/someValue/base4/another1/, /someValue/base4/another3/, /someValue/base4/another0/, /someValue/base4/another4/, /someValue/base4/another2/]
SET children[/someValue/base4/another2/file0, /someValue/base4/another2/file3, /someValue/base4/another2/file4]
SET children[/someValue/]
SET children[/someValue/base3/, /someValue/base0/, /someValue/base1/, /someValue/base4/, /someValue/base2/]
SET children[/someValue/base3/another0/, /someValue/base3/another4/, /someValue/base3/another1/, /someValue/base3/another2/, /someValue/base3/another3/]
SET children[/someValue/base3/another3/file1, /someValue/base3/another3/file2, /someValue/base3/another3/file0]
SET children[/someValue/]
SET children[/someValue/base3/, /someValue/base0/, /someValue/base1/, /someValue/base4/, /someValue/base2/]
SET children[/someValue/base3/another0/, /someValue/base3/another4/, /someValue/base3/another1/, /someValue/base3/another2/, /someValue/base3/another3/]
SET children[/someValue/base3/another3/file1, /someValue/base3/another3/file2, /someValue/base3/another3/file0, /someValue/base3/another3/file4]
SET children[/someValue/]
SET children[/someValue/base3/, /someValue/base0/, /someValue/base1/, /someValue/base4/, /someValue/base2/]
SET children[/someValue/base2/another2/, /someValue/base2/another0/, /someValue/base2/another1/, /someValue/base2/another4/, /someValue/base2/another3/]
SET children[/someValue/base2/another1/file0, /someValue/base2/another1/file2, /someValue/base2/another1/file3]
SET children[/someValue/]
SET children[/someValue/base3/, /someValue/base0/, /someValue/base1/, /someValue/base4/, /someValue/base2/]
SET children[/someValue/base0/another3/, /someValue/base0/another2/, /someValue/base0/another4/, /someValue/base0/another0/, /someValue/base0/another1/]
SET children[/someValue/base0/another0/file0, /someValue/base0/another0/file3, /someValue/base0/another0/file1]
SET children[/someValue/]
SET children[/someValue/base3/, /someValue/base0/, /someValue/base1/, /someValue/base4/, /someValue/base2/]
SET children[/someValue/base1/another0/, /someValue/base1/another2/, /someValue/base1/another3/, /someValue/base1/another4/, /someValue/base1/another1/]
SET children[/someValue/base1/another4/file0, /someValue/base1/another4/file4]
SET children[/someValue/]
SET children[/someValue/base3/, /someValue/base0/, /someValue/base1/, /someValue/base4/, /someValue/base2/]
SET children[/someValue/base2/another2/, /someValue/base2/another0/, /someValue/base2/another1/, /someValue/base2/another4/, /someValue/base2/another3/]
SET children[/someValue/base2/another1/file0, /someValue/base2/another1/file2, /someValue/base2/another1/file3, /someValue/base2/another1/file4]
SET children[/someValue/]
SET children[/someValue/base3/, /someValue/base0/, /someValue/base1/, /someValue/base4/, /someValue/base2/]
SET children[/someValue/base1/another0/, /someValue/base1/another2/, /someValue/base1/another3/, /someValue/base1/another4/, /someValue/base1/another1/]
SET children[/someValue/base1/another2/file1, /someValue/base1/another2/file2, /someValue/base1/another2/file0]
SET children[/someValue/]
SET children[/someValue/base3/, /someValue/base0/, /someValue/base1/, /someValue/base4/, /someValue/base2/]
SET children[/someValue/base2/another2/, /someValue/base2/another0/, /someValue/base2/another1/, /someValue/base2/another4/, /someValue/base2/another3/]
SET children[/someValue/base2/another3/file1, /someValue/base2/another3/file2]
SET children[/someValue/]
SET children[/someValue/base3/, /someValue/base0/, /someValue/base1/, /someValue/base4/, /someValue/base2/]
SET children[/someValue/base1/another0/, /someValue/base1/another2/, /someValue/base1/another3/, /someValue/base1/another4/, /someValue/base1/another1/]
SET children[/someValue/base1/another4/file0, /someValue/base1/another4/file4, /someValue/base1/another4/file1]
SET children[/someValue/]
SET children[/someValue/base3/, /someValue/base0/, /someValue/base1/, /someValue/base4/, /someValue/base2/]
SET children[/someValue/base1/another0/, /someValue/base1/another2/, /someValue/base1/another3/, /someValue/base1/another4/, /someValue/base1/another1/]
SET children[/someValue/base1/another1/file0, /someValue/base1/another1/file4]
SET children[/someValue/]
SET children[/someValue/base3/, /someValue/base0/, /someValue/base1/, /someValue/base4/, /someValue/base2/]
SET children[/someValue/base1/another0/, /someValue/base1/another2/, /someValue/base1/another3/, /someValue/base1/another4/, /someValue/base1/another1/]
SET children[/someValue/base1/another2/file1, /someValue/base1/another2/file2, /someValue/base1/another2/file0, /someValue/base1/another2/file3]
SET children[/someValue/]
SET children[/someValue/base3/, /someValue/base0/, /someValue/base1/, /someValue/base4/, /someValue/base2/]
SET children[/someValue/base1/another0/, /someValue/base1/another2/, /someValue/base1/another3/, /someValue/base1/another4/, /someValue/base1/another1/]
SET children[/someValue/base1/another3/file1, /someValue/base1/another3/file2, /someValue/base1/another3/file4, /someValue/base1/another3/file0]
SET children[/someValue/]
SET children[/someValue/base3/, /someValue/base0/, /someValue/base1/, /someValue/base4/, /someValue/base2/]
SET children[/someValue/base0/another3/, /someValue/base0/another2/, /someValue/base0/another4/, /someValue/base0/another0/, /someValue/base0/another1/]
SET children[/someValue/base0/another0/file0, /someValue/base0/another0/file3, /someValue/base0/another0/file1, /someValue/base0/another0/file2]
SET children[/someValue/]
SET children[/someValue/base3/, /someValue/base0/, /someValue/base1/, /someValue/base4/, /someValue/base2/]
SET children[/someValue/base4/another1/, /someValue/base4/another3/, /someValue/base4/another0/, /someValue/base4/another4/, /someValue/base4/another2/]
SET children[/someValue/base4/another4/file0, /someValue/base4/another4/file1, /someValue/base4/another4/file2, /someValue/base4/another4/file4]
SET children[/someValue/]
SET children[/someValue/base3/, /someValue/base0/, /someValue/base1/, /someValue/base4/, /someValue/base2/]
SET children[/someValue/base2/another2/, /someValue/base2/another0/, /someValue/base2/another1/, /someValue/base2/another4/, /someValue/base2/another3/]
SET children[/someValue/base2/another3/file1, /someValue/base2/another3/file2, /someValue/base2/another3/file4]
SET children[/someValue/]
SET children[/someValue/base3/, /someValue/base0/, /someValue/base1/, /someValue/base4/, /someValue/base2/]
SET children[/someValue/base1/another0/, /someValue/base1/another2/, /someValue/base1/another3/, /someValue/base1/another4/, /someValue/base1/another1/]
SET children[/someValue/base1/another1/file0, /someValue/base1/another1/file4, /someValue/base1/another1/file3]
SET children[/someValue/]
SET children[/someValue/base3/, /someValue/base0/, /someValue/base1/, /someValue/base4/, /someValue/base2/]
SET children[/someValue/base3/another0/, /someValue/base3/another4/, /someValue/base3/another1/, /someValue/base3/another2/, /someValue/base3/another3/]
SET children[/someValue/base3/another0/file4, /someValue/base3/another0/file3, /someValue/base3/another0/file2, /someValue/base3/another0/file0]
SET children[/someValue/]
SET children[/someValue/base3/, /someValue/base0/, /someValue/base1/, /someValue/base4/, /someValue/base2/]
SET children[/someValue/base0/another3/, /someValue/base0/another2/, /someValue/base0/another4/, /someValue/base0/another0/, /someValue/base0/another1/]
SET children[/someValue/base0/another4/file0, /someValue/base0/another4/file2, /someValue/base0/another4/file3, /someValue/base0/another4/file4]
SET children[/someValue/]
SET children[/someValue/base3/, /someValue/base0/, /someValue/base1/, /someValue/base4/, /someValue/base2/]
SET children[/someValue/base1/another0/, /someValue/base1/another2/, /someValue/base1/another3/, /someValue/base1/another4/, /someValue/base1/another1/]
SET children[/someValue/base1/another1/file0, /someValue/base1/another1/file4, /someValue/base1/another1/file3, /someValue/base1/another1/file2]
SET children[/someValue/]
SET children[/someValue/base3/, /someValue/base0/, /someValue/base1/, /someValue/base4/, /someValue/base2/]
SET children[/someValue/base4/another1/, /someValue/base4/another3/, /someValue/base4/another0/, /someValue/base4/another4/, /someValue/base4/another2/]
SET children[/someValue/base4/another3/file4, /someValue/base4/another3/file2, /someValue/base4/another3/file0, /someValue/base4/another3/file1]
SET children[/someValue/]
SET children[/someValue/base3/, /someValue/base0/, /someValue/base1/, /someValue/base4/, /someValue/base2/]
SET children[/someValue/base3/another0/, /someValue/base3/another4/, /someValue/base3/another1/, /someValue/base3/another2/, /someValue/base3/another3/]
SET children[/someValue/base3/another1/file4, /someValue/base3/another1/file2, /someValue/base3/another1/file3, /someValue/base3/another1/file1]
SET children[/someValue/]
SET children[/someValue/base3/, /someValue/base0/, /someValue/base1/, /someValue/base4/, /someValue/base2/]
SET children[/someValue/base3/another0/, /someValue/base3/another4/, /someValue/base3/another1/, /someValue/base3/another2/, /someValue/base3/another3/]
SET children[/someValue/base3/another4/file2, /someValue/base3/another4/file4, /someValue/base3/another4/file1, /someValue/base3/another4/file3]
SET children[/someValue/]
SET children[/someValue/base3/, /someValue/base0/, /someValue/base1/, /someValue/base4/, /someValue/base2/]
SET children[/someValue/base3/another0/, /someValue/base3/another4/, /someValue/base3/another1/, /someValue/base3/another2/, /someValue/base3/another3/]
SET children[/someValue/base3/another2/file2, /someValue/base3/another2/file1, /someValue/base3/another2/file3, /someValue/base3/another2/file4]
SET children[/someValue/]
SET children[/someValue/base3/, /someValue/base0/, /someValue/base1/, /someValue/base4/, /someValue/base2/]
SET children[/someValue/base0/another3/, /someValue/base0/another2/, /someValue/base0/another4/, /someValue/base0/another0/, /someValue/base0/another1/]
SET children[/someValue/base0/another1/file4, /someValue/base0/another1/file3, /someValue/base0/another1/file2, /someValue/base0/another1/file1]
SET children[/someValue/]
SET children[/someValue/base3/, /someValue/base0/, /someValue/base1/, /someValue/base4/, /someValue/base2/]
SET children[/someValue/base1/another0/, /someValue/base1/another2/, /someValue/base1/another3/, /someValue/base1/another4/, /someValue/base1/another1/]
SET children[/someValue/base1/another4/file0, /someValue/base1/another4/file4, /someValue/base1/another4/file1, /someValue/base1/another4/file3]
SET children[/someValue/]
SET children[/someValue/base3/, /someValue/base0/, /someValue/base1/, /someValue/base4/, /someValue/base2/]
SET children[/someValue/base2/another2/, /someValue/base2/another0/, /someValue/base2/another1/, /someValue/base2/another4/, /someValue/base2/another3/]
SET children[/someValue/base2/another2/file4, /someValue/base2/another2/file1, /someValue/base2/another2/file3]
SET children[/someValue/]
SET children[/someValue/base3/, /someValue/base0/, /someValue/base1/, /someValue/base4/, /someValue/base2/]
SET children[/someValue/base2/another2/, /someValue/base2/another0/, /someValue/base2/another1/, /someValue/base2/another4/, /someValue/base2/another3/]
SET children[/someValue/base2/another3/file1, /someValue/base2/another3/file2, /someValue/base2/another3/file4, /someValue/base2/another3/file0]
SET children[/someValue/]
SET children[/someValue/base3/, /someValue/base0/, /someValue/base1/, /someValue/base4/, /someValue/base2/]
SET children[/someValue/base2/another2/, /someValue/base2/another0/, /someValue/base2/another1/, /someValue/base2/another4/, /someValue/base2/another3/]
SET children[/someValue/base2/another2/file4, /someValue/base2/another2/file1, /someValue/base2/another2/file3, /someValue/base2/another2/file2]
SET children[/someValue/]
SET children[/someValue/base3/, /someValue/base0/, /someValue/base1/, /someValue/base4/, /someValue/base2/]
SET children[/someValue/base4/another1/, /someValue/base4/another3/, /someValue/base4/another0/, /someValue/base4/another4/, /someValue/base4/another2/]
SET children[/someValue/base4/another2/file0, /someValue/base4/another2/file3, /someValue/base4/another2/file4, /someValue/base4/another2/file1]
]]></system-out>
  </testcase>
</testsuite>